15-Nov-2022 09:09:58.849 INFO [main] org.apache.catalina.startup.VersionLoggerListener.log Nombre de la versión del servidor: Apache Tomcat/10.0.27
15-Nov-2022 09:09:58.855 INFO [main] org.apache.catalina.startup.VersionLoggerListener.log Server built:                      Oct 3 2022 14:18:31 UTC
15-Nov-2022 09:09:58.860 INFO [main] org.apache.catalina.startup.VersionLoggerListener.log Número de versión de servidor:     10.0.27.0
15-Nov-2022 09:09:58.860 INFO [main] org.apache.catalina.startup.VersionLoggerListener.log OS Name:                           Windows 10
15-Nov-2022 09:09:58.861 INFO [main] org.apache.catalina.startup.VersionLoggerListener.log Versión de Systema Operativo:      10.0
15-Nov-2022 09:09:58.862 INFO [main] org.apache.catalina.startup.VersionLoggerListener.log Arquitectura:                      amd64
15-Nov-2022 09:09:58.862 INFO [main] org.apache.catalina.startup.VersionLoggerListener.log Java Home:                         C:\Users\Usuario\Documents\jdk-19.0.1
15-Nov-2022 09:09:58.863 INFO [main] org.apache.catalina.startup.VersionLoggerListener.log JVM Version:                       19.0.1+10-21
15-Nov-2022 09:09:58.864 INFO [main] org.apache.catalina.startup.VersionLoggerListener.log Vededor JVM:                       Oracle Corporation
15-Nov-2022 09:09:58.865 INFO [main] org.apache.catalina.startup.VersionLoggerListener.log CATALINA_BASE:                     C:\Users\Usuario\Desktop\jakarta_Experto\apache-tomcat-10.0.27
15-Nov-2022 09:09:58.867 INFO [main] org.apache.catalina.startup.VersionLoggerListener.log CATALINA_HOME:                     C:\Users\Usuario\Desktop\jakarta_Experto\apache-tomcat-10.0.27
15-Nov-2022 09:09:58.883 INFO [main] org.apache.catalina.startup.VersionLoggerListener.log Command line argument:             --add-opens=java.base/java.lang=ALL-UNNAMED
15-Nov-2022 09:09:58.883 INFO [main] org.apache.catalina.startup.VersionLoggerListener.log Command line argument:             --add-opens=java.base/java.io=ALL-UNNAMED
15-Nov-2022 09:09:58.883 INFO [main] org.apache.catalina.startup.VersionLoggerListener.log Command line argument:             --add-opens=java.base/java.util=ALL-UNNAMED
15-Nov-2022 09:09:58.884 INFO [main] org.apache.catalina.startup.VersionLoggerListener.log Command line argument:             --add-opens=java.base/java.util.concurrent=ALL-UNNAMED
15-Nov-2022 09:09:58.885 INFO [main] org.apache.catalina.startup.VersionLoggerListener.log Command line argument:             --add-opens=java.rmi/sun.rmi.transport=ALL-UNNAMED
15-Nov-2022 09:09:58.888 INFO [main] org.apache.catalina.startup.VersionLoggerListener.log Command line argument:             -Djava.util.logging.config.file=C:\Users\Usuario\Desktop\jakarta_Experto\apache-tomcat-10.0.27\conf\logging.properties
15-Nov-2022 09:09:58.889 INFO [main] org.apache.catalina.startup.VersionLoggerListener.log Command line argument:             -Djava.util.logging.manager=org.apache.juli.ClassLoaderLogManager
15-Nov-2022 09:09:58.891 INFO [main] org.apache.catalina.startup.VersionLoggerListener.log Command line argument:             -Djdk.tls.ephemeralDHKeySize=2048
15-Nov-2022 09:09:58.893 INFO [main] org.apache.catalina.startup.VersionLoggerListener.log Command line argument:             -Djava.protocol.handler.pkgs=org.apache.catalina.webresources
15-Nov-2022 09:09:58.894 INFO [main] org.apache.catalina.startup.VersionLoggerListener.log Command line argument:             -Dignore.endorsed.dirs=
15-Nov-2022 09:09:58.894 INFO [main] org.apache.catalina.startup.VersionLoggerListener.log Command line argument:             -Dcatalina.base=C:\Users\Usuario\Desktop\jakarta_Experto\apache-tomcat-10.0.27
15-Nov-2022 09:09:58.895 INFO [main] org.apache.catalina.startup.VersionLoggerListener.log Command line argument:             -Dcatalina.home=C:\Users\Usuario\Desktop\jakarta_Experto\apache-tomcat-10.0.27
15-Nov-2022 09:09:58.895 INFO [main] org.apache.catalina.startup.VersionLoggerListener.log Command line argument:             -Djava.io.tmpdir=C:\Users\Usuario\Desktop\jakarta_Experto\apache-tomcat-10.0.27\temp
15-Nov-2022 09:09:58.928 INFO [main] org.apache.catalina.core.AprLifecycleListener.lifecycleEvent Cargada la biblioteca nativa APR de Apache Tomcat [1.2.35] con la versión APR [1.7.0].
15-Nov-2022 09:09:58.928 INFO [main] org.apache.catalina.core.AprLifecycleListener.lifecycleEvent Capacidades APR: IPv6 [true], enviar fichero [true], aceptar filtros [false], aleatorio [true], UDS [true].
15-Nov-2022 09:09:58.937 INFO [main] org.apache.catalina.core.AprLifecycleListener.initializeSSL OpenSSL inicializado correctamente [OpenSSL 1.1.1q  5 Jul 2022]
15-Nov-2022 09:09:59.509 INFO [main] org.apache.coyote.AbstractProtocol.init Inicializando el manejador de protocolo ["http-nio-8080"]

15-Nov-2022 09:09:59.548 SEVERE [main] org.apache.catalina.util.LifecycleBase.handleSubClassException Fallo al iniciar el componente [Connector[HTTP/1.1-8080]]
	org.apache.catalina.LifecycleException: Falló la inicialización del manejador de protocolo
		at org.apache.catalina.connector.Connector.initInternal(Connector.java:1055)
		at org.apache.catalina.util.LifecycleBase.init(LifecycleBase.java:136)
		at org.apache.catalina.core.StandardService.initInternal(StandardService.java:556)
		at org.apache.catalina.util.LifecycleBase.init(LifecycleBase.java:136)
		at org.apache.catalina.core.StandardServer.initInternal(StandardServer.java:1045)
		at org.apache.catalina.util.LifecycleBase.init(LifecycleBase.java:136)
		at org.apache.catalina.startup.Catalina.load(Catalina.java:747)
		at org.apache.catalina.startup.Catalina.load(Catalina.java:769)
		at java.base/jdk.internal.reflect.DirectMethodHandleAccessor.invoke(DirectMethodHandleAccessor.java:104)
		at java.base/java.lang.reflect.Method.invoke(Method.java:578)
		at org.apache.catalina.startup.Bootstrap.load(Bootstrap.java:305)
		at org.apache.catalina.startup.Bootstrap.main(Bootstrap.java:475)
	Caused by: java.net.BindException: Address already in use: bind
		at java.base/sun.nio.ch.Net.bind0(Native Method)
		at java.base/sun.nio.ch.Net.bind(Net.java:555)
		at java.base/sun.nio.ch.ServerSocketChannelImpl.netBind(ServerSocketChannelImpl.java:344)
		at java.base/sun.nio.ch.ServerSocketChannelImpl.bind(ServerSocketChannelImpl.java:301)
		at org.apache.tomcat.util.net.NioEndpoint.initServerSocket(NioEndpoint.java:246)
		at org.apache.tomcat.util.net.NioEndpoint.bind(NioEndpoint.java:201)
		at org.apache.tomcat.util.net.AbstractEndpoint.bindWithCleanup(AbstractEndpoint.java:1192)
		at org.apache.tomcat.util.net.AbstractEndpoint.init(AbstractEndpoint.java:1205)
		at org.apache.coyote.AbstractProtocol.init(AbstractProtocol.java:583)
		at org.apache.coyote.http11.AbstractHttp11Protocol.init(AbstractHttp11Protocol.java:79)
		at org.apache.catalina.connector.Connector.initInternal(Connector.java:1052)
		... 11 more
15-Nov-2022 09:09:59.549 INFO [main] org.apache.catalina.startup.Catalina.load Server initialization in [1158] milliseconds
15-Nov-2022 09:09:59.652 INFO [main] org.apache.catalina.core.StandardService.startInternal Arrancando servicio [Catalina]
15-Nov-2022 09:09:59.653 INFO [main] org.apache.catalina.core.StandardEngine.startInternal Starting Servlet engine: [Apache Tomcat/10.0.27]
15-Nov-2022 09:09:59.721 INFO [main] org.apache.catalina.startup.HostConfig.deployWAR Despliegue del archivo [C:\Users\Usuario\Desktop\jakarta_Experto\apache-tomcat-10.0.27\webapps\webapp-1.0-SNAPSHOT.war] de la aplicación web
15-Nov-2022 09:10:00.488 WARNING [main] org.apache.catalina.util.SessionIdGeneratorBase.createSecureRandom Creation of SecureRandom instance for session ID generation using [SHA1PRNG] took [113] milliseconds.
15-Nov-2022 09:10:00.523 INFO [main] org.apache.catalina.startup.HostConfig.deployWAR Deployment of web application archive [C:\Users\Usuario\Desktop\jakarta_Experto\apache-tomcat-10.0.27\webapps\webapp-1.0-SNAPSHOT.war] has finished in [801] ms
15-Nov-2022 09:10:00.562 INFO [main] org.apache.catalina.startup.HostConfig.deployWAR Despliegue del archivo [C:\Users\Usuario\Desktop\jakarta_Experto\apache-tomcat-10.0.27\webapps\webapp.war] de la aplicación web
15-Nov-2022 09:14:09.683 INFO [main] org.apache.catalina.startup.VersionLoggerListener.log Nombre de la versión del servidor: Apache Tomcat/10.0.27
15-Nov-2022 09:14:09.688 INFO [main] org.apache.catalina.startup.VersionLoggerListener.log Server built:                      Oct 3 2022 14:18:31 UTC
15-Nov-2022 09:14:09.689 INFO [main] org.apache.catalina.startup.VersionLoggerListener.log Número de versión de servidor:     10.0.27.0
15-Nov-2022 09:14:09.689 INFO [main] org.apache.catalina.startup.VersionLoggerListener.log OS Name:                           Windows 10
15-Nov-2022 09:14:09.689 INFO [main] org.apache.catalina.startup.VersionLoggerListener.log Versión de Systema Operativo:      10.0
15-Nov-2022 09:14:09.689 INFO [main] org.apache.catalina.startup.VersionLoggerListener.log Arquitectura:                      amd64
15-Nov-2022 09:14:09.690 INFO [main] org.apache.catalina.startup.VersionLoggerListener.log Java Home:                         C:\Users\Usuario\Documents\jdk-19.0.1
15-Nov-2022 09:14:09.690 INFO [main] org.apache.catalina.startup.VersionLoggerListener.log JVM Version:                       19.0.1+10-21
15-Nov-2022 09:14:09.690 INFO [main] org.apache.catalina.startup.VersionLoggerListener.log Vededor JVM:                       Oracle Corporation
15-Nov-2022 09:14:09.690 INFO [main] org.apache.catalina.startup.VersionLoggerListener.log CATALINA_BASE:                     C:\Users\Usuario\Desktop\jakarta_Experto\apache-tomcat-10.0.27
15-Nov-2022 09:14:09.691 INFO [main] org.apache.catalina.startup.VersionLoggerListener.log CATALINA_HOME:                     C:\Users\Usuario\Desktop\jakarta_Experto\apache-tomcat-10.0.27
15-Nov-2022 09:14:09.707 INFO [main] org.apache.catalina.startup.VersionLoggerListener.log Command line argument:             --add-opens=java.base/java.lang=ALL-UNNAMED
15-Nov-2022 09:14:09.707 INFO [main] org.apache.catalina.startup.VersionLoggerListener.log Command line argument:             --add-opens=java.base/java.io=ALL-UNNAMED
15-Nov-2022 09:14:09.707 INFO [main] org.apache.catalina.startup.VersionLoggerListener.log Command line argument:             --add-opens=java.base/java.util=ALL-UNNAMED
15-Nov-2022 09:14:09.708 INFO [main] org.apache.catalina.startup.VersionLoggerListener.log Command line argument:             --add-opens=java.base/java.util.concurrent=ALL-UNNAMED
15-Nov-2022 09:14:09.710 INFO [main] org.apache.catalina.startup.VersionLoggerListener.log Command line argument:             --add-opens=java.rmi/sun.rmi.transport=ALL-UNNAMED
15-Nov-2022 09:14:09.710 INFO [main] org.apache.catalina.startup.VersionLoggerListener.log Command line argument:             -Djava.util.logging.config.file=C:\Users\Usuario\Desktop\jakarta_Experto\apache-tomcat-10.0.27\conf\logging.properties
15-Nov-2022 09:14:09.712 INFO [main] org.apache.catalina.startup.VersionLoggerListener.log Command line argument:             -Djava.util.logging.manager=org.apache.juli.ClassLoaderLogManager
15-Nov-2022 09:14:09.713 INFO [main] org.apache.catalina.startup.VersionLoggerListener.log Command line argument:             -Djdk.tls.ephemeralDHKeySize=2048
15-Nov-2022 09:14:09.715 INFO [main] org.apache.catalina.startup.VersionLoggerListener.log Command line argument:             -Djava.protocol.handler.pkgs=org.apache.catalina.webresources
15-Nov-2022 09:14:09.717 INFO [main] org.apache.catalina.startup.VersionLoggerListener.log Command line argument:             -Dignore.endorsed.dirs=
15-Nov-2022 09:14:09.719 INFO [main] org.apache.catalina.startup.VersionLoggerListener.log Command line argument:             -Dcatalina.base=C:\Users\Usuario\Desktop\jakarta_Experto\apache-tomcat-10.0.27
15-Nov-2022 09:14:09.720 INFO [main] org.apache.catalina.startup.VersionLoggerListener.log Command line argument:             -Dcatalina.home=C:\Users\Usuario\Desktop\jakarta_Experto\apache-tomcat-10.0.27
15-Nov-2022 09:14:09.725 INFO [main] org.apache.catalina.startup.VersionLoggerListener.log Command line argument:             -Djava.io.tmpdir=C:\Users\Usuario\Desktop\jakarta_Experto\apache-tomcat-10.0.27\temp
15-Nov-2022 09:14:09.732 INFO [main] org.apache.catalina.core.AprLifecycleListener.lifecycleEvent Cargada la biblioteca nativa APR de Apache Tomcat [1.2.35] con la versión APR [1.7.0].
15-Nov-2022 09:14:09.733 INFO [main] org.apache.catalina.core.AprLifecycleListener.lifecycleEvent Capacidades APR: IPv6 [true], enviar fichero [true], aceptar filtros [false], aleatorio [true], UDS [true].
15-Nov-2022 09:14:09.743 INFO [main] org.apache.catalina.core.AprLifecycleListener.initializeSSL OpenSSL inicializado correctamente [OpenSSL 1.1.1q  5 Jul 2022]
15-Nov-2022 09:14:10.259 INFO [main] org.apache.coyote.AbstractProtocol.init Inicializando el manejador de protocolo ["http-nio-8080"]

15-Nov-2022 09:14:10.295 INFO [main] org.apache.catalina.startup.Catalina.load Server initialization in [1016] milliseconds
15-Nov-2022 09:14:10.357 INFO [main] org.apache.catalina.core.StandardService.startInternal Arrancando servicio [Catalina]
15-Nov-2022 09:14:10.358 INFO [main] org.apache.catalina.core.StandardEngine.startInternal Starting Servlet engine: [Apache Tomcat/10.0.27]
15-Nov-2022 09:14:10.386 INFO [main] org.apache.catalina.startup.HostConfig.deployWAR Despliegue del archivo [C:\Users\Usuario\Desktop\jakarta_Experto\apache-tomcat-10.0.27\webapps\webapp-1.0-SNAPSHOT.war] de la aplicación web
15-Nov-2022 09:14:10.916 INFO [main] org.apache.catalina.startup.HostConfig.deployWAR Deployment of web application archive [C:\Users\Usuario\Desktop\jakarta_Experto\apache-tomcat-10.0.27\webapps\webapp-1.0-SNAPSHOT.war] has finished in [527] ms
15-Nov-2022 09:14:10.919 INFO [main] org.apache.catalina.startup.HostConfig.deployWAR Despliegue del archivo [C:\Users\Usuario\Desktop\jakarta_Experto\apache-tomcat-10.0.27\webapps\webapp.war] de la aplicación web
15-Nov-2022 09:14:11.031 INFO [main] org.apache.catalina.startup.HostConfig.deployWAR Deployment of web application archive [C:\Users\Usuario\Desktop\jakarta_Experto\apache-tomcat-10.0.27\webapps\webapp.war] has finished in [111] ms
15-Nov-2022 09:14:11.033 INFO [main] org.apache.catalina.startup.HostConfig.deployDirectory Desplegando el directorio [C:\Users\Usuario\Desktop\jakarta_Experto\apache-tomcat-10.0.27\webapps\docs] de la aplicación web
15-Nov-2022 09:14:11.085 INFO [main] org.apache.catalina.startup.HostConfig.deployDirectory Deployment of web application directory [C:\Users\Usuario\Desktop\jakarta_Experto\apache-tomcat-10.0.27\webapps\docs] has finished in [52] ms
15-Nov-2022 09:14:11.087 INFO [main] org.apache.catalina.startup.HostConfig.deployDirectory Desplegando el directorio [C:\Users\Usuario\Desktop\jakarta_Experto\apache-tomcat-10.0.27\webapps\examples] de la aplicación web
15-Nov-2022 09:14:12.585 INFO [main] org.apache.catalina.startup.HostConfig.deployDirectory Deployment of web application directory [C:\Users\Usuario\Desktop\jakarta_Experto\apache-tomcat-10.0.27\webapps\examples] has finished in [1.498] ms
15-Nov-2022 09:14:12.586 INFO [main] org.apache.catalina.startup.HostConfig.deployDirectory Desplegando el directorio [C:\Users\Usuario\Desktop\jakarta_Experto\apache-tomcat-10.0.27\webapps\host-manager] de la aplicación web
15-Nov-2022 09:14:12.670 INFO [main] org.apache.catalina.startup.HostConfig.deployDirectory Deployment of web application directory [C:\Users\Usuario\Desktop\jakarta_Experto\apache-tomcat-10.0.27\webapps\host-manager] has finished in [84] ms
15-Nov-2022 09:14:12.670 INFO [main] org.apache.catalina.startup.HostConfig.deployDirectory Desplegando el directorio [C:\Users\Usuario\Desktop\jakarta_Experto\apache-tomcat-10.0.27\webapps\manager] de la aplicación web
15-Nov-2022 09:14:12.763 INFO [main] org.apache.catalina.startup.HostConfig.deployDirectory Deployment of web application directory [C:\Users\Usuario\Desktop\jakarta_Experto\apache-tomcat-10.0.27\webapps\manager] has finished in [92] ms
15-Nov-2022 09:14:12.763 INFO [main] org.apache.catalina.startup.HostConfig.deployDirectory Desplegando el directorio [C:\Users\Usuario\Desktop\jakarta_Experto\apache-tomcat-10.0.27\webapps\ROOT] de la aplicación web
15-Nov-2022 09:14:12.826 INFO [main] org.apache.catalina.startup.HostConfig.deployDirectory Deployment of web application directory [C:\Users\Usuario\Desktop\jakarta_Experto\apache-tomcat-10.0.27\webapps\ROOT] has finished in [63] ms
15-Nov-2022 09:14:12.832 INFO [main] org.apache.coyote.AbstractProtocol.start Starting ProtocolHandler ["http-nio-8080"]
15-Nov-2022 09:14:12.953 INFO [main] org.apache.catalina.startup.Catalina.start Server startup in [2655] milliseconds
15-Nov-2022 09:14:54.599 INFO [http-nio-8080-exec-1] org.apache.catalina.startup.HostConfig.deployWAR Despliegue del archivo [C:\Users\Usuario\Desktop\jakarta_Experto\apache-tomcat-10.0.27\webapps\webapp-form.war] de la aplicación web
15-Nov-2022 09:14:54.694 INFO [http-nio-8080-exec-1] org.apache.catalina.startup.HostConfig.deployWAR Deployment of web application archive [C:\Users\Usuario\Desktop\jakarta_Experto\apache-tomcat-10.0.27\webapps\webapp-form.war] has finished in [96] ms
15-Nov-2022 09:16:20.031 INFO [http-nio-8080-exec-6] org.apache.catalina.startup.HostConfig.undeploy Repliegue (undeploy) de la aplicación web que tiene como trayectoria de contexto [/webapp-form]
15-Nov-2022 09:16:20.100 INFO [http-nio-8080-exec-6] org.apache.catalina.startup.HostConfig.deployWAR Despliegue del archivo [C:\Users\Usuario\Desktop\jakarta_Experto\apache-tomcat-10.0.27\webapps\webapp-form.war] de la aplicación web
15-Nov-2022 09:16:20.171 INFO [http-nio-8080-exec-6] org.apache.catalina.startup.HostConfig.deployWAR Deployment of web application archive [C:\Users\Usuario\Desktop\jakarta_Experto\apache-tomcat-10.0.27\webapps\webapp-form.war] has finished in [71] ms
15-Nov-2022 09:18:39.942 INFO [http-nio-8080-exec-13] org.apache.catalina.startup.HostConfig.undeploy Repliegue (undeploy) de la aplicación web que tiene como trayectoria de contexto [/webapp-form]
15-Nov-2022 09:18:39.986 INFO [http-nio-8080-exec-13] org.apache.catalina.startup.HostConfig.deployWAR Despliegue del archivo [C:\Users\Usuario\Desktop\jakarta_Experto\apache-tomcat-10.0.27\webapps\webapp-form.war] de la aplicación web
15-Nov-2022 09:18:40.040 INFO [http-nio-8080-exec-13] org.apache.catalina.startup.HostConfig.deployWAR Deployment of web application archive [C:\Users\Usuario\Desktop\jakarta_Experto\apache-tomcat-10.0.27\webapps\webapp-form.war] has finished in [54] ms
15-Nov-2022 09:31:25.091 INFO [http-nio-8080-exec-21] org.apache.catalina.startup.HostConfig.undeploy Repliegue (undeploy) de la aplicación web que tiene como trayectoria de contexto [/webapp-form]
15-Nov-2022 09:31:25.173 INFO [http-nio-8080-exec-21] org.apache.catalina.startup.HostConfig.deployWAR Despliegue del archivo [C:\Users\Usuario\Desktop\jakarta_Experto\apache-tomcat-10.0.27\webapps\webapp-form.war] de la aplicación web
15-Nov-2022 09:31:25.283 INFO [http-nio-8080-exec-21] org.apache.catalina.startup.HostConfig.deployWAR Deployment of web application archive [C:\Users\Usuario\Desktop\jakarta_Experto\apache-tomcat-10.0.27\webapps\webapp-form.war] has finished in [110] ms
15-Nov-2022 09:46:52.536 INFO [http-nio-8080-exec-31] org.apache.catalina.startup.HostConfig.undeploy Repliegue (undeploy) de la aplicación web que tiene como trayectoria de contexto [/webapp-form]
15-Nov-2022 09:46:52.590 INFO [http-nio-8080-exec-31] org.apache.catalina.startup.HostConfig.deployWAR Despliegue del archivo [C:\Users\Usuario\Desktop\jakarta_Experto\apache-tomcat-10.0.27\webapps\webapp-form.war] de la aplicación web
15-Nov-2022 09:46:52.673 INFO [http-nio-8080-exec-31] org.apache.catalina.startup.HostConfig.deployWAR Deployment of web application archive [C:\Users\Usuario\Desktop\jakarta_Experto\apache-tomcat-10.0.27\webapps\webapp-form.war] has finished in [83] ms
15-Nov-2022 10:00:48.749 INFO [http-nio-8080-exec-41] org.apache.catalina.startup.HostConfig.undeploy Repliegue (undeploy) de la aplicación web que tiene como trayectoria de contexto [/webapp-form]
15-Nov-2022 10:00:48.887 INFO [http-nio-8080-exec-41] org.apache.catalina.startup.HostConfig.deployWAR Despliegue del archivo [C:\Users\Usuario\Desktop\jakarta_Experto\apache-tomcat-10.0.27\webapps\webapp-form.war] de la aplicación web
15-Nov-2022 10:00:49.023 INFO [http-nio-8080-exec-41] org.apache.catalina.startup.HostConfig.deployWAR Deployment of web application archive [C:\Users\Usuario\Desktop\jakarta_Experto\apache-tomcat-10.0.27\webapps\webapp-form.war] has finished in [136] ms
15-Nov-2022 10:02:12.048 INFO [http-nio-8080-exec-51] org.apache.catalina.startup.HostConfig.undeploy Repliegue (undeploy) de la aplicación web que tiene como trayectoria de contexto [/webapp-form]
15-Nov-2022 10:02:12.124 INFO [http-nio-8080-exec-51] org.apache.catalina.startup.HostConfig.deployWAR Despliegue del archivo [C:\Users\Usuario\Desktop\jakarta_Experto\apache-tomcat-10.0.27\webapps\webapp-form.war] de la aplicación web
15-Nov-2022 10:02:12.237 INFO [http-nio-8080-exec-51] org.apache.catalina.startup.HostConfig.deployWAR Deployment of web application archive [C:\Users\Usuario\Desktop\jakarta_Experto\apache-tomcat-10.0.27\webapps\webapp-form.war] has finished in [112] ms
15-Nov-2022 10:03:27.859 INFO [http-nio-8080-exec-57] org.apache.catalina.startup.HostConfig.undeploy Repliegue (undeploy) de la aplicación web que tiene como trayectoria de contexto [/webapp-form]
15-Nov-2022 10:03:28.017 INFO [http-nio-8080-exec-57] org.apache.catalina.startup.HostConfig.deployWAR Despliegue del archivo [C:\Users\Usuario\Desktop\jakarta_Experto\apache-tomcat-10.0.27\webapps\webapp-form.war] de la aplicación web
15-Nov-2022 10:03:28.266 INFO [http-nio-8080-exec-57] org.apache.catalina.startup.HostConfig.deployWAR Deployment of web application archive [C:\Users\Usuario\Desktop\jakarta_Experto\apache-tomcat-10.0.27\webapps\webapp-form.war] has finished in [250] ms
15-Nov-2022 10:15:37.843 INFO [http-nio-8080-exec-61] org.apache.catalina.startup.HostConfig.undeploy Repliegue (undeploy) de la aplicación web que tiene como trayectoria de contexto [/webapp-form]
15-Nov-2022 10:15:38.006 INFO [http-nio-8080-exec-61] org.apache.catalina.startup.HostConfig.deployWAR Despliegue del archivo [C:\Users\Usuario\Desktop\jakarta_Experto\apache-tomcat-10.0.27\webapps\webapp-form.war] de la aplicación web
15-Nov-2022 10:15:38.294 INFO [http-nio-8080-exec-61] org.apache.catalina.startup.HostConfig.deployWAR Deployment of web application archive [C:\Users\Usuario\Desktop\jakarta_Experto\apache-tomcat-10.0.27\webapps\webapp-form.war] has finished in [288] ms
15-Nov-2022 10:50:28.286 INFO [http-nio-8080-exec-71] org.apache.catalina.startup.HostConfig.undeploy Repliegue (undeploy) de la aplicación web que tiene como trayectoria de contexto [/webapp-form]
15-Nov-2022 10:50:28.332 INFO [http-nio-8080-exec-71] org.apache.catalina.startup.HostConfig.deployWAR Despliegue del archivo [C:\Users\Usuario\Desktop\jakarta_Experto\apache-tomcat-10.0.27\webapps\webapp-form.war] de la aplicación web
15-Nov-2022 10:50:28.461 INFO [http-nio-8080-exec-71] org.apache.catalina.startup.HostConfig.deployWAR Deployment of web application archive [C:\Users\Usuario\Desktop\jakarta_Experto\apache-tomcat-10.0.27\webapps\webapp-form.war] has finished in [128] ms
15-Nov-2022 14:24:52.828 INFO [main] org.apache.catalina.startup.VersionLoggerListener.log Nombre de la versión del servidor: Apache Tomcat/10.0.27
15-Nov-2022 14:24:52.839 INFO [main] org.apache.catalina.startup.VersionLoggerListener.log Server built:                      Oct 3 2022 14:18:31 UTC
15-Nov-2022 14:24:52.840 INFO [main] org.apache.catalina.startup.VersionLoggerListener.log Número de versión de servidor:     10.0.27.0
15-Nov-2022 14:24:52.840 INFO [main] org.apache.catalina.startup.VersionLoggerListener.log OS Name:                           Windows 10
15-Nov-2022 14:24:52.840 INFO [main] org.apache.catalina.startup.VersionLoggerListener.log Versión de Systema Operativo:      10.0
15-Nov-2022 14:24:52.841 INFO [main] org.apache.catalina.startup.VersionLoggerListener.log Arquitectura:                      amd64
15-Nov-2022 14:24:52.841 INFO [main] org.apache.catalina.startup.VersionLoggerListener.log Java Home:                         C:\Users\Usuario\Documents\jdk-19.0.1
15-Nov-2022 14:24:52.841 INFO [main] org.apache.catalina.startup.VersionLoggerListener.log JVM Version:                       19.0.1+10-21
15-Nov-2022 14:24:52.841 INFO [main] org.apache.catalina.startup.VersionLoggerListener.log Vededor JVM:                       Oracle Corporation
15-Nov-2022 14:24:52.841 INFO [main] org.apache.catalina.startup.VersionLoggerListener.log CATALINA_BASE:                     C:\Users\Usuario\Desktop\jakarta_Experto\apache-tomcat-10.0.27
15-Nov-2022 14:24:52.841 INFO [main] org.apache.catalina.startup.VersionLoggerListener.log CATALINA_HOME:                     C:\Users\Usuario\Desktop\jakarta_Experto\apache-tomcat-10.0.27
15-Nov-2022 14:24:52.879 INFO [main] org.apache.catalina.startup.VersionLoggerListener.log Command line argument:             --add-opens=java.base/java.lang=ALL-UNNAMED
15-Nov-2022 14:24:52.879 INFO [main] org.apache.catalina.startup.VersionLoggerListener.log Command line argument:             --add-opens=java.base/java.io=ALL-UNNAMED
15-Nov-2022 14:24:52.880 INFO [main] org.apache.catalina.startup.VersionLoggerListener.log Command line argument:             --add-opens=java.base/java.util=ALL-UNNAMED
15-Nov-2022 14:24:52.882 INFO [main] org.apache.catalina.startup.VersionLoggerListener.log Command line argument:             --add-opens=java.base/java.util.concurrent=ALL-UNNAMED
15-Nov-2022 14:24:52.883 INFO [main] org.apache.catalina.startup.VersionLoggerListener.log Command line argument:             --add-opens=java.rmi/sun.rmi.transport=ALL-UNNAMED
15-Nov-2022 14:24:52.883 INFO [main] org.apache.catalina.startup.VersionLoggerListener.log Command line argument:             -Djava.util.logging.config.file=C:\Users\Usuario\Desktop\jakarta_Experto\apache-tomcat-10.0.27\conf\logging.properties
15-Nov-2022 14:24:52.884 INFO [main] org.apache.catalina.startup.VersionLoggerListener.log Command line argument:             -Djava.util.logging.manager=org.apache.juli.ClassLoaderLogManager
15-Nov-2022 14:24:52.885 INFO [main] org.apache.catalina.startup.VersionLoggerListener.log Command line argument:             -Djdk.tls.ephemeralDHKeySize=2048
15-Nov-2022 14:24:52.887 INFO [main] org.apache.catalina.startup.VersionLoggerListener.log Command line argument:             -Djava.protocol.handler.pkgs=org.apache.catalina.webresources
15-Nov-2022 14:24:52.888 INFO [main] org.apache.catalina.startup.VersionLoggerListener.log Command line argument:             -Dignore.endorsed.dirs=
15-Nov-2022 14:24:52.890 INFO [main] org.apache.catalina.startup.VersionLoggerListener.log Command line argument:             -Dcatalina.base=C:\Users\Usuario\Desktop\jakarta_Experto\apache-tomcat-10.0.27
15-Nov-2022 14:24:52.891 INFO [main] org.apache.catalina.startup.VersionLoggerListener.log Command line argument:             -Dcatalina.home=C:\Users\Usuario\Desktop\jakarta_Experto\apache-tomcat-10.0.27
15-Nov-2022 14:24:52.891 INFO [main] org.apache.catalina.startup.VersionLoggerListener.log Command line argument:             -Djava.io.tmpdir=C:\Users\Usuario\Desktop\jakarta_Experto\apache-tomcat-10.0.27\temp
15-Nov-2022 14:24:52.934 INFO [main] org.apache.catalina.core.AprLifecycleListener.lifecycleEvent Cargada la biblioteca nativa APR de Apache Tomcat [1.2.35] con la versión APR [1.7.0].
15-Nov-2022 14:24:52.934 INFO [main] org.apache.catalina.core.AprLifecycleListener.lifecycleEvent Capacidades APR: IPv6 [true], enviar fichero [true], aceptar filtros [false], aleatorio [true], UDS [true].
15-Nov-2022 14:24:52.970 INFO [main] org.apache.catalina.core.AprLifecycleListener.initializeSSL OpenSSL inicializado correctamente [OpenSSL 1.1.1q  5 Jul 2022]
15-Nov-2022 14:24:53.672 INFO [main] org.apache.coyote.AbstractProtocol.init Inicializando el manejador de protocolo ["http-nio-8080"]

15-Nov-2022 14:24:53.736 INFO [main] org.apache.catalina.startup.Catalina.load Server initialization in [1398] milliseconds
15-Nov-2022 14:24:53.887 INFO [main] org.apache.catalina.core.StandardService.startInternal Arrancando servicio [Catalina]
15-Nov-2022 14:24:53.896 INFO [main] org.apache.catalina.core.StandardEngine.startInternal Starting Servlet engine: [Apache Tomcat/10.0.27]
15-Nov-2022 14:24:53.964 INFO [main] org.apache.catalina.startup.HostConfig.deployWAR Despliegue del archivo [C:\Users\Usuario\Desktop\jakarta_Experto\apache-tomcat-10.0.27\webapps\webapp-1.0-SNAPSHOT.war] de la aplicación web
15-Nov-2022 14:24:54.727 WARNING [main] org.apache.catalina.util.SessionIdGeneratorBase.createSecureRandom Creation of SecureRandom instance for session ID generation using [SHA1PRNG] took [132] milliseconds.
15-Nov-2022 14:24:54.764 INFO [main] org.apache.catalina.startup.HostConfig.deployWAR Deployment of web application archive [C:\Users\Usuario\Desktop\jakarta_Experto\apache-tomcat-10.0.27\webapps\webapp-1.0-SNAPSHOT.war] has finished in [799] ms
15-Nov-2022 14:24:54.770 INFO [main] org.apache.catalina.startup.HostConfig.deployWAR Despliegue del archivo [C:\Users\Usuario\Desktop\jakarta_Experto\apache-tomcat-10.0.27\webapps\webapp-form.war] de la aplicación web
15-Nov-2022 14:24:54.872 INFO [main] org.apache.catalina.startup.HostConfig.deployWAR Deployment of web application archive [C:\Users\Usuario\Desktop\jakarta_Experto\apache-tomcat-10.0.27\webapps\webapp-form.war] has finished in [103] ms
15-Nov-2022 14:24:54.877 INFO [main] org.apache.catalina.startup.HostConfig.deployWAR Despliegue del archivo [C:\Users\Usuario\Desktop\jakarta_Experto\apache-tomcat-10.0.27\webapps\webapp.war] de la aplicación web
15-Nov-2022 14:24:54.973 INFO [main] org.apache.catalina.startup.HostConfig.deployWAR Deployment of web application archive [C:\Users\Usuario\Desktop\jakarta_Experto\apache-tomcat-10.0.27\webapps\webapp.war] has finished in [96] ms
15-Nov-2022 14:24:54.975 INFO [main] org.apache.catalina.startup.HostConfig.deployDirectory Desplegando el directorio [C:\Users\Usuario\Desktop\jakarta_Experto\apache-tomcat-10.0.27\webapps\docs] de la aplicación web
15-Nov-2022 14:24:55.039 INFO [main] org.apache.catalina.startup.HostConfig.deployDirectory Deployment of web application directory [C:\Users\Usuario\Desktop\jakarta_Experto\apache-tomcat-10.0.27\webapps\docs] has finished in [63] ms
15-Nov-2022 14:24:55.040 INFO [main] org.apache.catalina.startup.HostConfig.deployDirectory Desplegando el directorio [C:\Users\Usuario\Desktop\jakarta_Experto\apache-tomcat-10.0.27\webapps\examples] de la aplicación web
15-Nov-2022 14:24:56.783 INFO [main] org.apache.catalina.startup.HostConfig.deployDirectory Deployment of web application directory [C:\Users\Usuario\Desktop\jakarta_Experto\apache-tomcat-10.0.27\webapps\examples] has finished in [1.743] ms
15-Nov-2022 14:24:56.783 INFO [main] org.apache.catalina.startup.HostConfig.deployDirectory Desplegando el directorio [C:\Users\Usuario\Desktop\jakarta_Experto\apache-tomcat-10.0.27\webapps\host-manager] de la aplicación web
15-Nov-2022 14:24:56.883 INFO [main] org.apache.catalina.startup.HostConfig.deployDirectory Deployment of web application directory [C:\Users\Usuario\Desktop\jakarta_Experto\apache-tomcat-10.0.27\webapps\host-manager] has finished in [100] ms
15-Nov-2022 14:24:56.884 INFO [main] org.apache.catalina.startup.HostConfig.deployDirectory Desplegando el directorio [C:\Users\Usuario\Desktop\jakarta_Experto\apache-tomcat-10.0.27\webapps\manager] de la aplicación web
15-Nov-2022 14:24:56.974 INFO [main] org.apache.catalina.startup.HostConfig.deployDirectory Deployment of web application directory [C:\Users\Usuario\Desktop\jakarta_Experto\apache-tomcat-10.0.27\webapps\manager] has finished in [90] ms
15-Nov-2022 14:24:56.975 INFO [main] org.apache.catalina.startup.HostConfig.deployDirectory Desplegando el directorio [C:\Users\Usuario\Desktop\jakarta_Experto\apache-tomcat-10.0.27\webapps\ROOT] de la aplicación web
15-Nov-2022 14:24:57.037 INFO [main] org.apache.catalina.startup.HostConfig.deployDirectory Deployment of web application directory [C:\Users\Usuario\Desktop\jakarta_Experto\apache-tomcat-10.0.27\webapps\ROOT] has finished in [61] ms
15-Nov-2022 14:24:57.043 INFO [main] org.apache.coyote.AbstractProtocol.start Starting ProtocolHandler ["http-nio-8080"]
15-Nov-2022 14:24:57.181 INFO [main] org.apache.catalina.startup.Catalina.start Server startup in [3437] milliseconds
15-Nov-2022 14:25:18.206 INFO [http-nio-8080-exec-2] org.apache.catalina.startup.HostConfig.undeploy Repliegue (undeploy) de la aplicación web que tiene como trayectoria de contexto [/webapp-form]
15-Nov-2022 14:25:18.439 INFO [http-nio-8080-exec-2] org.apache.catalina.startup.HostConfig.deployWAR Despliegue del archivo [C:\Users\Usuario\Desktop\jakarta_Experto\apache-tomcat-10.0.27\webapps\webapp-form.war] de la aplicación web
15-Nov-2022 14:25:18.569 INFO [http-nio-8080-exec-2] org.apache.catalina.startup.HostConfig.deployWAR Deployment of web application archive [C:\Users\Usuario\Desktop\jakarta_Experto\apache-tomcat-10.0.27\webapps\webapp-form.war] has finished in [131] ms
15-Nov-2022 14:26:54.937 INFO [http-nio-8080-exec-12] org.apache.catalina.startup.HostConfig.undeploy Repliegue (undeploy) de la aplicación web que tiene como trayectoria de contexto [/webapp-form]
15-Nov-2022 14:26:54.993 INFO [http-nio-8080-exec-12] org.apache.catalina.startup.HostConfig.deployWAR Despliegue del archivo [C:\Users\Usuario\Desktop\jakarta_Experto\apache-tomcat-10.0.27\webapps\webapp-form.war] de la aplicación web
15-Nov-2022 14:26:55.163 INFO [http-nio-8080-exec-12] org.apache.catalina.startup.HostConfig.deployWAR Deployment of web application archive [C:\Users\Usuario\Desktop\jakarta_Experto\apache-tomcat-10.0.27\webapps\webapp-form.war] has finished in [170] ms
15-Nov-2022 14:27:54.789 INFO [http-nio-8080-exec-13] org.apache.catalina.startup.HostConfig.undeploy Repliegue (undeploy) de la aplicación web que tiene como trayectoria de contexto [/webapp-form]
15-Nov-2022 14:27:54.857 INFO [http-nio-8080-exec-13] org.apache.catalina.startup.HostConfig.deployWAR Despliegue del archivo [C:\Users\Usuario\Desktop\jakarta_Experto\apache-tomcat-10.0.27\webapps\webapp-form.war] de la aplicación web
15-Nov-2022 14:27:54.971 INFO [http-nio-8080-exec-13] org.apache.catalina.startup.HostConfig.deployWAR Deployment of web application archive [C:\Users\Usuario\Desktop\jakarta_Experto\apache-tomcat-10.0.27\webapps\webapp-form.war] has finished in [114] ms
15-Nov-2022 14:28:31.448 INFO [http-nio-8080-exec-20] org.apache.catalina.startup.HostConfig.undeploy Repliegue (undeploy) de la aplicación web que tiene como trayectoria de contexto [/webapp-form]
15-Nov-2022 14:28:31.519 INFO [http-nio-8080-exec-20] org.apache.catalina.startup.HostConfig.deployWAR Despliegue del archivo [C:\Users\Usuario\Desktop\jakarta_Experto\apache-tomcat-10.0.27\webapps\webapp-form.war] de la aplicación web
15-Nov-2022 14:28:32.777 INFO [http-nio-8080-exec-20] org.apache.catalina.startup.HostConfig.deployWAR Deployment of web application archive [C:\Users\Usuario\Desktop\jakarta_Experto\apache-tomcat-10.0.27\webapps\webapp-form.war] has finished in [1.257] ms
15-Nov-2022 14:30:26.729 INFO [http-nio-8080-exec-31] org.apache.catalina.startup.HostConfig.undeploy Repliegue (undeploy) de la aplicación web que tiene como trayectoria de contexto [/webapp-form]
15-Nov-2022 14:30:26.797 INFO [http-nio-8080-exec-31] org.apache.catalina.startup.HostConfig.deployWAR Despliegue del archivo [C:\Users\Usuario\Desktop\jakarta_Experto\apache-tomcat-10.0.27\webapps\webapp-form.war] de la aplicación web
15-Nov-2022 14:30:26.905 INFO [http-nio-8080-exec-31] org.apache.catalina.startup.HostConfig.deployWAR Deployment of web application archive [C:\Users\Usuario\Desktop\jakarta_Experto\apache-tomcat-10.0.27\webapps\webapp-form.war] has finished in [108] ms
15-Nov-2022 14:31:32.461 INFO [http-nio-8080-exec-40] org.apache.catalina.startup.HostConfig.undeploy Repliegue (undeploy) de la aplicación web que tiene como trayectoria de contexto [/webapp-form]
15-Nov-2022 14:31:32.556 INFO [http-nio-8080-exec-40] org.apache.catalina.startup.HostConfig.deployWAR Despliegue del archivo [C:\Users\Usuario\Desktop\jakarta_Experto\apache-tomcat-10.0.27\webapps\webapp-form.war] de la aplicación web
15-Nov-2022 14:31:32.664 INFO [http-nio-8080-exec-40] org.apache.catalina.startup.HostConfig.deployWAR Deployment of web application archive [C:\Users\Usuario\Desktop\jakarta_Experto\apache-tomcat-10.0.27\webapps\webapp-form.war] has finished in [108] ms
15-Nov-2022 14:49:05.872 INFO [http-nio-8080-exec-45] org.apache.catalina.startup.HostConfig.undeploy Repliegue (undeploy) de la aplicación web que tiene como trayectoria de contexto [/webapp-form]
15-Nov-2022 14:49:05.968 INFO [http-nio-8080-exec-45] org.apache.catalina.startup.HostConfig.deployWAR Despliegue del archivo [C:\Users\Usuario\Desktop\jakarta_Experto\apache-tomcat-10.0.27\webapps\webapp-form.war] de la aplicación web
15-Nov-2022 14:49:06.133 INFO [http-nio-8080-exec-45] org.apache.catalina.startup.HostConfig.deployWAR Deployment of web application archive [C:\Users\Usuario\Desktop\jakarta_Experto\apache-tomcat-10.0.27\webapps\webapp-form.war] has finished in [165] ms
15-Nov-2022 14:50:47.512 INFO [http-nio-8080-exec-52] org.apache.catalina.startup.HostConfig.undeploy Repliegue (undeploy) de la aplicación web que tiene como trayectoria de contexto [/webapp-form]
15-Nov-2022 14:50:47.587 INFO [http-nio-8080-exec-52] org.apache.catalina.startup.HostConfig.deployWAR Despliegue del archivo [C:\Users\Usuario\Desktop\jakarta_Experto\apache-tomcat-10.0.27\webapps\webapp-form.war] de la aplicación web
15-Nov-2022 14:50:48.754 INFO [http-nio-8080-exec-52] org.apache.catalina.startup.HostConfig.deployWAR Deployment of web application archive [C:\Users\Usuario\Desktop\jakarta_Experto\apache-tomcat-10.0.27\webapps\webapp-form.war] has finished in [1.167] ms
15-Nov-2022 15:15:10.188 INFO [http-nio-8080-exec-60] org.apache.catalina.startup.HostConfig.undeploy Repliegue (undeploy) de la aplicación web que tiene como trayectoria de contexto [/webapp-form]
15-Nov-2022 15:15:10.418 INFO [http-nio-8080-exec-60] org.apache.catalina.startup.HostConfig.deployWAR Despliegue del archivo [C:\Users\Usuario\Desktop\jakarta_Experto\apache-tomcat-10.0.27\webapps\webapp-form.war] de la aplicación web
15-Nov-2022 15:15:10.556 INFO [http-nio-8080-exec-60] org.apache.catalina.startup.HostConfig.deployWAR Deployment of web application archive [C:\Users\Usuario\Desktop\jakarta_Experto\apache-tomcat-10.0.27\webapps\webapp-form.war] has finished in [138] ms
15-Nov-2022 15:16:16.603 INFO [http-nio-8080-exec-67] org.apache.catalina.startup.HostConfig.undeploy Repliegue (undeploy) de la aplicación web que tiene como trayectoria de contexto [/webapp-form]
15-Nov-2022 15:16:16.792 INFO [http-nio-8080-exec-67] org.apache.catalina.startup.HostConfig.deployWAR Despliegue del archivo [C:\Users\Usuario\Desktop\jakarta_Experto\apache-tomcat-10.0.27\webapps\webapp-form.war] de la aplicación web
15-Nov-2022 15:16:16.970 INFO [http-nio-8080-exec-67] org.apache.catalina.startup.HostConfig.deployWAR Deployment of web application archive [C:\Users\Usuario\Desktop\jakarta_Experto\apache-tomcat-10.0.27\webapps\webapp-form.war] has finished in [178] ms
15-Nov-2022 15:17:19.908 INFO [http-nio-8080-exec-71] org.apache.catalina.startup.HostConfig.undeploy Repliegue (undeploy) de la aplicación web que tiene como trayectoria de contexto [/webapp-form]
15-Nov-2022 15:17:20.161 INFO [http-nio-8080-exec-71] org.apache.catalina.startup.HostConfig.deployWAR Despliegue del archivo [C:\Users\Usuario\Desktop\jakarta_Experto\apache-tomcat-10.0.27\webapps\webapp-form.war] de la aplicación web
15-Nov-2022 15:17:20.265 INFO [http-nio-8080-exec-71] org.apache.catalina.startup.HostConfig.deployWAR Deployment of web application archive [C:\Users\Usuario\Desktop\jakarta_Experto\apache-tomcat-10.0.27\webapps\webapp-form.war] has finished in [104] ms
15-Nov-2022 15:39:51.010 INFO [http-nio-8080-exec-76] org.apache.catalina.startup.HostConfig.undeploy Repliegue (undeploy) de la aplicación web que tiene como trayectoria de contexto [/webapp-form]
15-Nov-2022 15:39:51.131 INFO [http-nio-8080-exec-76] org.apache.catalina.startup.HostConfig.deployWAR Despliegue del archivo [C:\Users\Usuario\Desktop\jakarta_Experto\apache-tomcat-10.0.27\webapps\webapp-form.war] de la aplicación web
15-Nov-2022 15:39:51.234 INFO [http-nio-8080-exec-76] org.apache.catalina.startup.HostConfig.deployWAR Deployment of web application archive [C:\Users\Usuario\Desktop\jakarta_Experto\apache-tomcat-10.0.27\webapps\webapp-form.war] has finished in [103] ms
15-Nov-2022 15:41:58.165 INFO [http-nio-8080-exec-86] org.apache.catalina.startup.HostConfig.undeploy Repliegue (undeploy) de la aplicación web que tiene como trayectoria de contexto [/webapp-form]
15-Nov-2022 15:41:58.341 INFO [http-nio-8080-exec-86] org.apache.catalina.startup.HostConfig.deployWAR Despliegue del archivo [C:\Users\Usuario\Desktop\jakarta_Experto\apache-tomcat-10.0.27\webapps\webapp-form.war] de la aplicación web
15-Nov-2022 15:41:58.502 INFO [http-nio-8080-exec-86] org.apache.catalina.startup.HostConfig.deployWAR Deployment of web application archive [C:\Users\Usuario\Desktop\jakarta_Experto\apache-tomcat-10.0.27\webapps\webapp-form.war] has finished in [160] ms
15-Nov-2022 15:42:36.475 INFO [http-nio-8080-exec-92] org.apache.catalina.startup.HostConfig.undeploy Repliegue (undeploy) de la aplicación web que tiene como trayectoria de contexto [/webapp-form]
15-Nov-2022 15:42:36.641 INFO [http-nio-8080-exec-92] org.apache.catalina.startup.HostConfig.deployWAR Despliegue del archivo [C:\Users\Usuario\Desktop\jakarta_Experto\apache-tomcat-10.0.27\webapps\webapp-form.war] de la aplicación web
15-Nov-2022 15:42:36.826 INFO [http-nio-8080-exec-92] org.apache.catalina.startup.HostConfig.deployWAR Deployment of web application archive [C:\Users\Usuario\Desktop\jakarta_Experto\apache-tomcat-10.0.27\webapps\webapp-form.war] has finished in [184] ms
