11-Nov-2022 09:05:57.169 INFO [main] org.apache.catalina.startup.VersionLoggerListener.log Nombre de la versión del servidor: Apache Tomcat/10.0.27
11-Nov-2022 09:05:57.181 INFO [main] org.apache.catalina.startup.VersionLoggerListener.log Server built:                      Oct 3 2022 14:18:31 UTC
11-Nov-2022 09:05:57.183 INFO [main] org.apache.catalina.startup.VersionLoggerListener.log Número de versión de servidor:     10.0.27.0
11-Nov-2022 09:05:57.183 INFO [main] org.apache.catalina.startup.VersionLoggerListener.log OS Name:                           Windows 10
11-Nov-2022 09:05:57.183 INFO [main] org.apache.catalina.startup.VersionLoggerListener.log Versión de Systema Operativo:      10.0
11-Nov-2022 09:05:57.183 INFO [main] org.apache.catalina.startup.VersionLoggerListener.log Arquitectura:                      amd64
11-Nov-2022 09:05:57.183 INFO [main] org.apache.catalina.startup.VersionLoggerListener.log Java Home:                         C:\Users\Usuario\Documents\jdk-19.0.1
11-Nov-2022 09:05:57.183 INFO [main] org.apache.catalina.startup.VersionLoggerListener.log JVM Version:                       19.0.1+10-21
11-Nov-2022 09:05:57.184 INFO [main] org.apache.catalina.startup.VersionLoggerListener.log Vededor JVM:                       Oracle Corporation
11-Nov-2022 09:05:57.184 INFO [main] org.apache.catalina.startup.VersionLoggerListener.log CATALINA_BASE:                     C:\Users\Usuario\Desktop\jakarta_Experto\apache-tomcat-10.0.27
11-Nov-2022 09:05:57.184 INFO [main] org.apache.catalina.startup.VersionLoggerListener.log CATALINA_HOME:                     C:\Users\Usuario\Desktop\jakarta_Experto\apache-tomcat-10.0.27
11-Nov-2022 09:05:57.246 INFO [main] org.apache.catalina.startup.VersionLoggerListener.log Command line argument:             --add-opens=java.base/java.lang=ALL-UNNAMED
11-Nov-2022 09:05:57.246 INFO [main] org.apache.catalina.startup.VersionLoggerListener.log Command line argument:             --add-opens=java.base/java.io=ALL-UNNAMED
11-Nov-2022 09:05:57.247 INFO [main] org.apache.catalina.startup.VersionLoggerListener.log Command line argument:             --add-opens=java.base/java.util=ALL-UNNAMED
11-Nov-2022 09:05:57.247 INFO [main] org.apache.catalina.startup.VersionLoggerListener.log Command line argument:             --add-opens=java.base/java.util.concurrent=ALL-UNNAMED
11-Nov-2022 09:05:57.248 INFO [main] org.apache.catalina.startup.VersionLoggerListener.log Command line argument:             --add-opens=java.rmi/sun.rmi.transport=ALL-UNNAMED
11-Nov-2022 09:05:57.248 INFO [main] org.apache.catalina.startup.VersionLoggerListener.log Command line argument:             -Djava.util.logging.config.file=C:\Users\Usuario\Desktop\jakarta_Experto\apache-tomcat-10.0.27\conf\logging.properties
11-Nov-2022 09:05:57.250 INFO [main] org.apache.catalina.startup.VersionLoggerListener.log Command line argument:             -Djava.util.logging.manager=org.apache.juli.ClassLoaderLogManager
11-Nov-2022 09:05:57.251 INFO [main] org.apache.catalina.startup.VersionLoggerListener.log Command line argument:             -Djdk.tls.ephemeralDHKeySize=2048
11-Nov-2022 09:05:57.253 INFO [main] org.apache.catalina.startup.VersionLoggerListener.log Command line argument:             -Djava.protocol.handler.pkgs=org.apache.catalina.webresources
11-Nov-2022 09:05:57.253 INFO [main] org.apache.catalina.startup.VersionLoggerListener.log Command line argument:             -Dignore.endorsed.dirs=
11-Nov-2022 09:05:57.254 INFO [main] org.apache.catalina.startup.VersionLoggerListener.log Command line argument:             -Dcatalina.base=C:\Users\Usuario\Desktop\jakarta_Experto\apache-tomcat-10.0.27
11-Nov-2022 09:05:57.254 INFO [main] org.apache.catalina.startup.VersionLoggerListener.log Command line argument:             -Dcatalina.home=C:\Users\Usuario\Desktop\jakarta_Experto\apache-tomcat-10.0.27
11-Nov-2022 09:05:57.255 INFO [main] org.apache.catalina.startup.VersionLoggerListener.log Command line argument:             -Djava.io.tmpdir=C:\Users\Usuario\Desktop\jakarta_Experto\apache-tomcat-10.0.27\temp
11-Nov-2022 09:05:57.279 INFO [main] org.apache.catalina.core.AprLifecycleListener.lifecycleEvent Cargada la biblioteca nativa APR de Apache Tomcat [1.2.35] con la versión APR [1.7.0].
11-Nov-2022 09:05:57.279 INFO [main] org.apache.catalina.core.AprLifecycleListener.lifecycleEvent Capacidades APR: IPv6 [true], enviar fichero [true], aceptar filtros [false], aleatorio [true], UDS [true].
11-Nov-2022 09:05:57.287 INFO [main] org.apache.catalina.core.AprLifecycleListener.initializeSSL OpenSSL inicializado correctamente [OpenSSL 1.1.1q  5 Jul 2022]
11-Nov-2022 09:05:57.865 INFO [main] org.apache.coyote.AbstractProtocol.init Inicializando el manejador de protocolo ["http-nio-8080"]

11-Nov-2022 09:05:57.908 SEVERE [main] org.apache.catalina.util.LifecycleBase.handleSubClassException Fallo al iniciar el componente [Connector[HTTP/1.1-8080]]
	org.apache.catalina.LifecycleException: Falló la inicialización del manejador de protocolo
		at org.apache.catalina.connector.Connector.initInternal(Connector.java:1055)
		at org.apache.catalina.util.LifecycleBase.init(LifecycleBase.java:136)
		at org.apache.catalina.core.StandardService.initInternal(StandardService.java:556)
		at org.apache.catalina.util.LifecycleBase.init(LifecycleBase.java:136)
		at org.apache.catalina.core.StandardServer.initInternal(StandardServer.java:1045)
		at org.apache.catalina.util.LifecycleBase.init(LifecycleBase.java:136)
		at org.apache.catalina.startup.Catalina.load(Catalina.java:747)
		at org.apache.catalina.startup.Catalina.load(Catalina.java:769)
		at java.base/jdk.internal.reflect.DirectMethodHandleAccessor.invoke(DirectMethodHandleAccessor.java:104)
		at java.base/java.lang.reflect.Method.invoke(Method.java:578)
		at org.apache.catalina.startup.Bootstrap.load(Bootstrap.java:305)
		at org.apache.catalina.startup.Bootstrap.main(Bootstrap.java:475)
	Caused by: java.net.BindException: Address already in use: bind
		at java.base/sun.nio.ch.Net.bind0(Native Method)
		at java.base/sun.nio.ch.Net.bind(Net.java:555)
		at java.base/sun.nio.ch.ServerSocketChannelImpl.netBind(ServerSocketChannelImpl.java:344)
		at java.base/sun.nio.ch.ServerSocketChannelImpl.bind(ServerSocketChannelImpl.java:301)
		at org.apache.tomcat.util.net.NioEndpoint.initServerSocket(NioEndpoint.java:246)
		at org.apache.tomcat.util.net.NioEndpoint.bind(NioEndpoint.java:201)
		at org.apache.tomcat.util.net.AbstractEndpoint.bindWithCleanup(AbstractEndpoint.java:1192)
		at org.apache.tomcat.util.net.AbstractEndpoint.init(AbstractEndpoint.java:1205)
		at org.apache.coyote.AbstractProtocol.init(AbstractProtocol.java:583)
		at org.apache.coyote.http11.AbstractHttp11Protocol.init(AbstractHttp11Protocol.java:79)
		at org.apache.catalina.connector.Connector.initInternal(Connector.java:1052)
		... 11 more
11-Nov-2022 09:05:57.910 INFO [main] org.apache.catalina.startup.Catalina.load Server initialization in [1179] milliseconds
11-Nov-2022 09:05:57.985 INFO [main] org.apache.catalina.core.StandardService.startInternal Arrancando servicio [Catalina]
11-Nov-2022 09:05:57.986 INFO [main] org.apache.catalina.core.StandardEngine.startInternal Starting Servlet engine: [Apache Tomcat/10.0.27]
11-Nov-2022 09:05:58.005 INFO [main] org.apache.catalina.startup.HostConfig.deployDirectory Desplegando el directorio [C:\Users\Usuario\Desktop\jakarta_Experto\apache-tomcat-10.0.27\webapps\docs] de la aplicación web
11-Nov-2022 09:05:59.026 WARNING [main] org.apache.catalina.util.SessionIdGeneratorBase.createSecureRandom Creation of SecureRandom instance for session ID generation using [SHA1PRNG] took [142] milliseconds.
11-Nov-2022 09:05:59.074 INFO [main] org.apache.catalina.startup.HostConfig.deployDirectory Deployment of web application directory [C:\Users\Usuario\Desktop\jakarta_Experto\apache-tomcat-10.0.27\webapps\docs] has finished in [1.068] ms
11-Nov-2022 09:05:59.075 INFO [main] org.apache.catalina.startup.HostConfig.deployDirectory Desplegando el directorio [C:\Users\Usuario\Desktop\jakarta_Experto\apache-tomcat-10.0.27\webapps\examples] de la aplicación web
11-Nov-2022 09:06:00.487 INFO [main] org.apache.catalina.startup.HostConfig.deployDirectory Deployment of web application directory [C:\Users\Usuario\Desktop\jakarta_Experto\apache-tomcat-10.0.27\webapps\examples] has finished in [1.413] ms
11-Nov-2022 09:06:00.488 INFO [main] org.apache.catalina.startup.HostConfig.deployDirectory Desplegando el directorio [C:\Users\Usuario\Desktop\jakarta_Experto\apache-tomcat-10.0.27\webapps\host-manager] de la aplicación web
11-Nov-2022 09:06:00.581 INFO [main] org.apache.catalina.startup.HostConfig.deployDirectory Deployment of web application directory [C:\Users\Usuario\Desktop\jakarta_Experto\apache-tomcat-10.0.27\webapps\host-manager] has finished in [93] ms
11-Nov-2022 09:06:00.582 INFO [main] org.apache.catalina.startup.HostConfig.deployDirectory Desplegando el directorio [C:\Users\Usuario\Desktop\jakarta_Experto\apache-tomcat-10.0.27\webapps\manager] de la aplicación web
11-Nov-2022 09:06:00.678 INFO [main] org.apache.catalina.startup.HostConfig.deployDirectory Deployment of web application directory [C:\Users\Usuario\Desktop\jakarta_Experto\apache-tomcat-10.0.27\webapps\manager] has finished in [96] ms
11-Nov-2022 09:06:00.680 INFO [main] org.apache.catalina.startup.HostConfig.deployDirectory Desplegando el directorio [C:\Users\Usuario\Desktop\jakarta_Experto\apache-tomcat-10.0.27\webapps\ROOT] de la aplicación web
11-Nov-2022 09:06:00.734 INFO [main] org.apache.catalina.startup.HostConfig.deployDirectory Deployment of web application directory [C:\Users\Usuario\Desktop\jakarta_Experto\apache-tomcat-10.0.27\webapps\ROOT] has finished in [55] ms
11-Nov-2022 09:06:00.738 INFO [main] org.apache.catalina.startup.Catalina.start Server startup in [2824] milliseconds
11-Nov-2022 09:15:09.088 INFO [main] org.apache.catalina.startup.VersionLoggerListener.log Nombre de la versión del servidor: Apache Tomcat/10.0.27
11-Nov-2022 09:15:09.123 INFO [main] org.apache.catalina.startup.VersionLoggerListener.log Server built:                      Oct 3 2022 14:18:31 UTC
11-Nov-2022 09:15:09.151 INFO [main] org.apache.catalina.startup.VersionLoggerListener.log Número de versión de servidor:     10.0.27.0
11-Nov-2022 09:15:09.168 INFO [main] org.apache.catalina.startup.VersionLoggerListener.log OS Name:                           Windows 10
11-Nov-2022 09:15:09.183 INFO [main] org.apache.catalina.startup.VersionLoggerListener.log Versión de Systema Operativo:      10.0
11-Nov-2022 09:15:09.185 INFO [main] org.apache.catalina.startup.VersionLoggerListener.log Arquitectura:                      amd64
11-Nov-2022 09:15:09.186 INFO [main] org.apache.catalina.startup.VersionLoggerListener.log Java Home:                         C:\Users\Usuario\Documents\jdk-19.0.1
11-Nov-2022 09:15:09.203 INFO [main] org.apache.catalina.startup.VersionLoggerListener.log JVM Version:                       19.0.1+10-21
11-Nov-2022 09:15:09.211 INFO [main] org.apache.catalina.startup.VersionLoggerListener.log Vededor JVM:                       Oracle Corporation
11-Nov-2022 09:15:09.250 INFO [main] org.apache.catalina.startup.VersionLoggerListener.log CATALINA_BASE:                     C:\Users\Usuario\Desktop\jakarta_Experto\apache-tomcat-10.0.27
11-Nov-2022 09:15:09.270 INFO [main] org.apache.catalina.startup.VersionLoggerListener.log CATALINA_HOME:                     C:\Users\Usuario\Desktop\jakarta_Experto\apache-tomcat-10.0.27
11-Nov-2022 09:15:09.275 INFO [main] org.apache.catalina.startup.VersionLoggerListener.log Command line argument:             --add-opens=java.base/java.lang=ALL-UNNAMED
11-Nov-2022 09:15:09.291 INFO [main] org.apache.catalina.startup.VersionLoggerListener.log Command line argument:             --add-opens=java.base/java.io=ALL-UNNAMED
11-Nov-2022 09:15:09.292 INFO [main] org.apache.catalina.startup.VersionLoggerListener.log Command line argument:             --add-opens=java.base/java.util=ALL-UNNAMED
11-Nov-2022 09:15:09.293 INFO [main] org.apache.catalina.startup.VersionLoggerListener.log Command line argument:             --add-opens=java.base/java.util.concurrent=ALL-UNNAMED
11-Nov-2022 09:15:09.297 INFO [main] org.apache.catalina.startup.VersionLoggerListener.log Command line argument:             --add-opens=java.rmi/sun.rmi.transport=ALL-UNNAMED
11-Nov-2022 09:15:09.299 INFO [main] org.apache.catalina.startup.VersionLoggerListener.log Command line argument:             -Djava.util.logging.config.file=C:\Users\Usuario\Desktop\jakarta_Experto\apache-tomcat-10.0.27\conf\logging.properties
11-Nov-2022 09:15:09.300 INFO [main] org.apache.catalina.startup.VersionLoggerListener.log Command line argument:             -Djava.util.logging.manager=org.apache.juli.ClassLoaderLogManager
11-Nov-2022 09:15:09.303 INFO [main] org.apache.catalina.startup.VersionLoggerListener.log Command line argument:             -Djdk.tls.ephemeralDHKeySize=2048
11-Nov-2022 09:15:09.305 INFO [main] org.apache.catalina.startup.VersionLoggerListener.log Command line argument:             -Djava.protocol.handler.pkgs=org.apache.catalina.webresources
11-Nov-2022 09:15:09.307 INFO [main] org.apache.catalina.startup.VersionLoggerListener.log Command line argument:             -Dignore.endorsed.dirs=
11-Nov-2022 09:15:09.310 INFO [main] org.apache.catalina.startup.VersionLoggerListener.log Command line argument:             -Dcatalina.base=C:\Users\Usuario\Desktop\jakarta_Experto\apache-tomcat-10.0.27
11-Nov-2022 09:15:09.313 INFO [main] org.apache.catalina.startup.VersionLoggerListener.log Command line argument:             -Dcatalina.home=C:\Users\Usuario\Desktop\jakarta_Experto\apache-tomcat-10.0.27
11-Nov-2022 09:15:09.317 INFO [main] org.apache.catalina.startup.VersionLoggerListener.log Command line argument:             -Djava.io.tmpdir=C:\Users\Usuario\Desktop\jakarta_Experto\apache-tomcat-10.0.27\temp
11-Nov-2022 09:15:09.326 INFO [main] org.apache.catalina.core.AprLifecycleListener.lifecycleEvent Cargada la biblioteca nativa APR de Apache Tomcat [1.2.35] con la versión APR [1.7.0].
11-Nov-2022 09:15:09.328 INFO [main] org.apache.catalina.core.AprLifecycleListener.lifecycleEvent Capacidades APR: IPv6 [true], enviar fichero [true], aceptar filtros [false], aleatorio [true], UDS [true].
11-Nov-2022 09:15:09.350 INFO [main] org.apache.catalina.core.AprLifecycleListener.initializeSSL OpenSSL inicializado correctamente [OpenSSL 1.1.1q  5 Jul 2022]
11-Nov-2022 09:15:10.107 INFO [main] org.apache.coyote.AbstractProtocol.init Inicializando el manejador de protocolo ["http-nio-8080"]

11-Nov-2022 09:15:10.193 SEVERE [main] org.apache.catalina.util.LifecycleBase.handleSubClassException Fallo al iniciar el componente [Connector[HTTP/1.1-8080]]
	org.apache.catalina.LifecycleException: Falló la inicialización del manejador de protocolo
		at org.apache.catalina.connector.Connector.initInternal(Connector.java:1055)
		at org.apache.catalina.util.LifecycleBase.init(LifecycleBase.java:136)
		at org.apache.catalina.core.StandardService.initInternal(StandardService.java:556)
		at org.apache.catalina.util.LifecycleBase.init(LifecycleBase.java:136)
		at org.apache.catalina.core.StandardServer.initInternal(StandardServer.java:1045)
		at org.apache.catalina.util.LifecycleBase.init(LifecycleBase.java:136)
		at org.apache.catalina.startup.Catalina.load(Catalina.java:747)
		at org.apache.catalina.startup.Catalina.load(Catalina.java:769)
		at java.base/jdk.internal.reflect.DirectMethodHandleAccessor.invoke(DirectMethodHandleAccessor.java:104)
		at java.base/java.lang.reflect.Method.invoke(Method.java:578)
		at org.apache.catalina.startup.Bootstrap.load(Bootstrap.java:305)
		at org.apache.catalina.startup.Bootstrap.main(Bootstrap.java:475)
	Caused by: java.net.BindException: Address already in use: bind
		at java.base/sun.nio.ch.Net.bind0(Native Method)
		at java.base/sun.nio.ch.Net.bind(Net.java:555)
		at java.base/sun.nio.ch.ServerSocketChannelImpl.netBind(ServerSocketChannelImpl.java:344)
		at java.base/sun.nio.ch.ServerSocketChannelImpl.bind(ServerSocketChannelImpl.java:301)
		at org.apache.tomcat.util.net.NioEndpoint.initServerSocket(NioEndpoint.java:246)
		at org.apache.tomcat.util.net.NioEndpoint.bind(NioEndpoint.java:201)
		at org.apache.tomcat.util.net.AbstractEndpoint.bindWithCleanup(AbstractEndpoint.java:1192)
		at org.apache.tomcat.util.net.AbstractEndpoint.init(AbstractEndpoint.java:1205)
		at org.apache.coyote.AbstractProtocol.init(AbstractProtocol.java:583)
		at org.apache.coyote.http11.AbstractHttp11Protocol.init(AbstractHttp11Protocol.java:79)
		at org.apache.catalina.connector.Connector.initInternal(Connector.java:1052)
		... 11 more
11-Nov-2022 09:15:10.211 INFO [main] org.apache.catalina.startup.Catalina.load Server initialization in [1676] milliseconds
11-Nov-2022 09:15:10.393 INFO [main] org.apache.catalina.core.StandardService.startInternal Arrancando servicio [Catalina]
11-Nov-2022 09:15:10.412 INFO [main] org.apache.catalina.core.StandardEngine.startInternal Starting Servlet engine: [Apache Tomcat/10.0.27]
11-Nov-2022 09:15:10.432 INFO [main] org.apache.catalina.startup.HostConfig.deployDirectory Desplegando el directorio [C:\Users\Usuario\Desktop\jakarta_Experto\apache-tomcat-10.0.27\webapps\docs] de la aplicación web
11-Nov-2022 09:15:11.154 INFO [main] org.apache.catalina.startup.HostConfig.deployDirectory Deployment of web application directory [C:\Users\Usuario\Desktop\jakarta_Experto\apache-tomcat-10.0.27\webapps\docs] has finished in [716] ms
11-Nov-2022 09:15:11.163 INFO [main] org.apache.catalina.startup.HostConfig.deployDirectory Desplegando el directorio [C:\Users\Usuario\Desktop\jakarta_Experto\apache-tomcat-10.0.27\webapps\examples] de la aplicación web
11-Nov-2022 09:15:12.355 INFO [main] org.apache.catalina.startup.HostConfig.deployDirectory Deployment of web application directory [C:\Users\Usuario\Desktop\jakarta_Experto\apache-tomcat-10.0.27\webapps\examples] has finished in [1.191] ms
11-Nov-2022 09:15:12.416 INFO [main] org.apache.catalina.startup.HostConfig.deployDirectory Desplegando el directorio [C:\Users\Usuario\Desktop\jakarta_Experto\apache-tomcat-10.0.27\webapps\host-manager] de la aplicación web
11-Nov-2022 09:15:12.679 INFO [main] org.apache.catalina.startup.HostConfig.deployDirectory Deployment of web application directory [C:\Users\Usuario\Desktop\jakarta_Experto\apache-tomcat-10.0.27\webapps\host-manager] has finished in [263] ms
11-Nov-2022 09:15:12.688 INFO [main] org.apache.catalina.startup.HostConfig.deployDirectory Desplegando el directorio [C:\Users\Usuario\Desktop\jakarta_Experto\apache-tomcat-10.0.27\webapps\manager] de la aplicación web
11-Nov-2022 09:15:12.855 INFO [main] org.apache.catalina.startup.HostConfig.deployDirectory Deployment of web application directory [C:\Users\Usuario\Desktop\jakarta_Experto\apache-tomcat-10.0.27\webapps\manager] has finished in [166] ms
11-Nov-2022 09:15:12.859 INFO [main] org.apache.catalina.startup.HostConfig.deployDirectory Desplegando el directorio [C:\Users\Usuario\Desktop\jakarta_Experto\apache-tomcat-10.0.27\webapps\ROOT] de la aplicación web
11-Nov-2022 09:15:12.935 INFO [main] org.apache.catalina.startup.HostConfig.deployDirectory Deployment of web application directory [C:\Users\Usuario\Desktop\jakarta_Experto\apache-tomcat-10.0.27\webapps\ROOT] has finished in [78] ms
11-Nov-2022 09:15:12.944 INFO [main] org.apache.catalina.startup.Catalina.start Server startup in [2729] milliseconds
11-Nov-2022 09:18:48.386 INFO [main] org.apache.catalina.startup.VersionLoggerListener.log Nombre de la versión del servidor: Apache Tomcat/10.0.27
11-Nov-2022 09:18:48.392 INFO [main] org.apache.catalina.startup.VersionLoggerListener.log Server built:                      Oct 3 2022 14:18:31 UTC
11-Nov-2022 09:18:48.393 INFO [main] org.apache.catalina.startup.VersionLoggerListener.log Número de versión de servidor:     10.0.27.0
11-Nov-2022 09:18:48.393 INFO [main] org.apache.catalina.startup.VersionLoggerListener.log OS Name:                           Windows 10
11-Nov-2022 09:18:48.393 INFO [main] org.apache.catalina.startup.VersionLoggerListener.log Versión de Systema Operativo:      10.0
11-Nov-2022 09:18:48.394 INFO [main] org.apache.catalina.startup.VersionLoggerListener.log Arquitectura:                      amd64
11-Nov-2022 09:18:48.394 INFO [main] org.apache.catalina.startup.VersionLoggerListener.log Java Home:                         C:\Users\Usuario\Documents\jdk-19.0.1
11-Nov-2022 09:18:48.394 INFO [main] org.apache.catalina.startup.VersionLoggerListener.log JVM Version:                       19.0.1+10-21
11-Nov-2022 09:18:48.395 INFO [main] org.apache.catalina.startup.VersionLoggerListener.log Vededor JVM:                       Oracle Corporation
11-Nov-2022 09:18:48.395 INFO [main] org.apache.catalina.startup.VersionLoggerListener.log CATALINA_BASE:                     C:\Users\Usuario\Desktop\jakarta_Experto\apache-tomcat-10.0.27
11-Nov-2022 09:18:48.396 INFO [main] org.apache.catalina.startup.VersionLoggerListener.log CATALINA_HOME:                     C:\Users\Usuario\Desktop\jakarta_Experto\apache-tomcat-10.0.27
11-Nov-2022 09:18:48.409 INFO [main] org.apache.catalina.startup.VersionLoggerListener.log Command line argument:             --add-opens=java.base/java.lang=ALL-UNNAMED
11-Nov-2022 09:18:48.409 INFO [main] org.apache.catalina.startup.VersionLoggerListener.log Command line argument:             --add-opens=java.base/java.io=ALL-UNNAMED
11-Nov-2022 09:18:48.410 INFO [main] org.apache.catalina.startup.VersionLoggerListener.log Command line argument:             --add-opens=java.base/java.util=ALL-UNNAMED
11-Nov-2022 09:18:48.410 INFO [main] org.apache.catalina.startup.VersionLoggerListener.log Command line argument:             --add-opens=java.base/java.util.concurrent=ALL-UNNAMED
11-Nov-2022 09:18:48.412 INFO [main] org.apache.catalina.startup.VersionLoggerListener.log Command line argument:             --add-opens=java.rmi/sun.rmi.transport=ALL-UNNAMED
11-Nov-2022 09:18:48.413 INFO [main] org.apache.catalina.startup.VersionLoggerListener.log Command line argument:             -Djava.util.logging.config.file=C:\Users\Usuario\Desktop\jakarta_Experto\apache-tomcat-10.0.27\conf\logging.properties
11-Nov-2022 09:18:48.414 INFO [main] org.apache.catalina.startup.VersionLoggerListener.log Command line argument:             -Djava.util.logging.manager=org.apache.juli.ClassLoaderLogManager
11-Nov-2022 09:18:48.415 INFO [main] org.apache.catalina.startup.VersionLoggerListener.log Command line argument:             -Djdk.tls.ephemeralDHKeySize=2048
11-Nov-2022 09:18:48.416 INFO [main] org.apache.catalina.startup.VersionLoggerListener.log Command line argument:             -Djava.protocol.handler.pkgs=org.apache.catalina.webresources
11-Nov-2022 09:18:48.416 INFO [main] org.apache.catalina.startup.VersionLoggerListener.log Command line argument:             -Dignore.endorsed.dirs=
11-Nov-2022 09:18:48.417 INFO [main] org.apache.catalina.startup.VersionLoggerListener.log Command line argument:             -Dcatalina.base=C:\Users\Usuario\Desktop\jakarta_Experto\apache-tomcat-10.0.27
11-Nov-2022 09:18:48.417 INFO [main] org.apache.catalina.startup.VersionLoggerListener.log Command line argument:             -Dcatalina.home=C:\Users\Usuario\Desktop\jakarta_Experto\apache-tomcat-10.0.27
11-Nov-2022 09:18:48.418 INFO [main] org.apache.catalina.startup.VersionLoggerListener.log Command line argument:             -Djava.io.tmpdir=C:\Users\Usuario\Desktop\jakarta_Experto\apache-tomcat-10.0.27\temp
11-Nov-2022 09:18:48.423 INFO [main] org.apache.catalina.core.AprLifecycleListener.lifecycleEvent Cargada la biblioteca nativa APR de Apache Tomcat [1.2.35] con la versión APR [1.7.0].
11-Nov-2022 09:18:48.423 INFO [main] org.apache.catalina.core.AprLifecycleListener.lifecycleEvent Capacidades APR: IPv6 [true], enviar fichero [true], aceptar filtros [false], aleatorio [true], UDS [true].
11-Nov-2022 09:18:48.430 INFO [main] org.apache.catalina.core.AprLifecycleListener.initializeSSL OpenSSL inicializado correctamente [OpenSSL 1.1.1q  5 Jul 2022]
11-Nov-2022 09:18:48.901 INFO [main] org.apache.coyote.AbstractProtocol.init Inicializando el manejador de protocolo ["http-nio-8080"]

11-Nov-2022 09:18:48.955 INFO [main] org.apache.catalina.startup.Catalina.load Server initialization in [895] milliseconds
11-Nov-2022 09:18:49.047 INFO [main] org.apache.catalina.core.StandardService.startInternal Arrancando servicio [Catalina]
11-Nov-2022 09:18:49.049 INFO [main] org.apache.catalina.core.StandardEngine.startInternal Starting Servlet engine: [Apache Tomcat/10.0.27]
11-Nov-2022 09:18:49.072 INFO [main] org.apache.catalina.startup.HostConfig.deployDirectory Desplegando el directorio [C:\Users\Usuario\Desktop\jakarta_Experto\apache-tomcat-10.0.27\webapps\docs] de la aplicación web
11-Nov-2022 09:18:49.751 INFO [main] org.apache.catalina.startup.HostConfig.deployDirectory Deployment of web application directory [C:\Users\Usuario\Desktop\jakarta_Experto\apache-tomcat-10.0.27\webapps\docs] has finished in [676] ms
11-Nov-2022 09:18:49.754 INFO [main] org.apache.catalina.startup.HostConfig.deployDirectory Desplegando el directorio [C:\Users\Usuario\Desktop\jakarta_Experto\apache-tomcat-10.0.27\webapps\examples] de la aplicación web
11-Nov-2022 09:18:50.472 INFO [main] org.apache.catalina.startup.HostConfig.deployDirectory Deployment of web application directory [C:\Users\Usuario\Desktop\jakarta_Experto\apache-tomcat-10.0.27\webapps\examples] has finished in [717] ms
11-Nov-2022 09:18:50.472 INFO [main] org.apache.catalina.startup.HostConfig.deployDirectory Desplegando el directorio [C:\Users\Usuario\Desktop\jakarta_Experto\apache-tomcat-10.0.27\webapps\host-manager] de la aplicación web
11-Nov-2022 09:18:50.539 INFO [main] org.apache.catalina.startup.HostConfig.deployDirectory Deployment of web application directory [C:\Users\Usuario\Desktop\jakarta_Experto\apache-tomcat-10.0.27\webapps\host-manager] has finished in [67] ms
11-Nov-2022 09:18:50.539 INFO [main] org.apache.catalina.startup.HostConfig.deployDirectory Desplegando el directorio [C:\Users\Usuario\Desktop\jakarta_Experto\apache-tomcat-10.0.27\webapps\manager] de la aplicación web
11-Nov-2022 09:18:50.619 INFO [main] org.apache.catalina.startup.HostConfig.deployDirectory Deployment of web application directory [C:\Users\Usuario\Desktop\jakarta_Experto\apache-tomcat-10.0.27\webapps\manager] has finished in [79] ms
11-Nov-2022 09:18:50.619 INFO [main] org.apache.catalina.startup.HostConfig.deployDirectory Desplegando el directorio [C:\Users\Usuario\Desktop\jakarta_Experto\apache-tomcat-10.0.27\webapps\ROOT] de la aplicación web
11-Nov-2022 09:18:50.665 INFO [main] org.apache.catalina.startup.HostConfig.deployDirectory Deployment of web application directory [C:\Users\Usuario\Desktop\jakarta_Experto\apache-tomcat-10.0.27\webapps\ROOT] has finished in [45] ms
11-Nov-2022 09:18:50.669 INFO [main] org.apache.coyote.AbstractProtocol.start Starting ProtocolHandler ["http-nio-8080"]
11-Nov-2022 09:18:50.898 INFO [main] org.apache.catalina.startup.Catalina.start Server startup in [1939] milliseconds
11-Nov-2022 09:19:09.463 INFO [http-nio-8080-exec-1] org.apache.catalina.startup.HostConfig.deployWAR Despliegue del archivo [C:\Users\Usuario\Desktop\jakarta_Experto\apache-tomcat-10.0.27\webapps\webapp.war] de la aplicación web
11-Nov-2022 09:21:35.670 INFO [main] org.apache.catalina.startup.VersionLoggerListener.log Nombre de la versión del servidor: Apache Tomcat/10.0.27
11-Nov-2022 09:21:35.676 INFO [main] org.apache.catalina.startup.VersionLoggerListener.log Server built:                      Oct 3 2022 14:18:31 UTC
11-Nov-2022 09:21:35.677 INFO [main] org.apache.catalina.startup.VersionLoggerListener.log Número de versión de servidor:     10.0.27.0
11-Nov-2022 09:21:35.677 INFO [main] org.apache.catalina.startup.VersionLoggerListener.log OS Name:                           Windows 10
11-Nov-2022 09:21:35.677 INFO [main] org.apache.catalina.startup.VersionLoggerListener.log Versión de Systema Operativo:      10.0
11-Nov-2022 09:21:35.677 INFO [main] org.apache.catalina.startup.VersionLoggerListener.log Arquitectura:                      amd64
11-Nov-2022 09:21:35.677 INFO [main] org.apache.catalina.startup.VersionLoggerListener.log Java Home:                         C:\Users\Usuario\Documents\jdk-19.0.1
11-Nov-2022 09:21:35.678 INFO [main] org.apache.catalina.startup.VersionLoggerListener.log JVM Version:                       19.0.1+10-21
11-Nov-2022 09:21:35.678 INFO [main] org.apache.catalina.startup.VersionLoggerListener.log Vededor JVM:                       Oracle Corporation
11-Nov-2022 09:21:35.678 INFO [main] org.apache.catalina.startup.VersionLoggerListener.log CATALINA_BASE:                     C:\Users\Usuario\Desktop\jakarta_Experto\apache-tomcat-10.0.27
11-Nov-2022 09:21:35.679 INFO [main] org.apache.catalina.startup.VersionLoggerListener.log CATALINA_HOME:                     C:\Users\Usuario\Desktop\jakarta_Experto\apache-tomcat-10.0.27
11-Nov-2022 09:21:35.694 INFO [main] org.apache.catalina.startup.VersionLoggerListener.log Command line argument:             --add-opens=java.base/java.lang=ALL-UNNAMED
11-Nov-2022 09:21:35.695 INFO [main] org.apache.catalina.startup.VersionLoggerListener.log Command line argument:             --add-opens=java.base/java.io=ALL-UNNAMED
11-Nov-2022 09:21:35.695 INFO [main] org.apache.catalina.startup.VersionLoggerListener.log Command line argument:             --add-opens=java.base/java.util=ALL-UNNAMED
11-Nov-2022 09:21:35.696 INFO [main] org.apache.catalina.startup.VersionLoggerListener.log Command line argument:             --add-opens=java.base/java.util.concurrent=ALL-UNNAMED
11-Nov-2022 09:21:35.697 INFO [main] org.apache.catalina.startup.VersionLoggerListener.log Command line argument:             --add-opens=java.rmi/sun.rmi.transport=ALL-UNNAMED
11-Nov-2022 09:21:35.698 INFO [main] org.apache.catalina.startup.VersionLoggerListener.log Command line argument:             -Djava.util.logging.config.file=C:\Users\Usuario\Desktop\jakarta_Experto\apache-tomcat-10.0.27\conf\logging.properties
11-Nov-2022 09:21:35.699 INFO [main] org.apache.catalina.startup.VersionLoggerListener.log Command line argument:             -Djava.util.logging.manager=org.apache.juli.ClassLoaderLogManager
11-Nov-2022 09:21:35.700 INFO [main] org.apache.catalina.startup.VersionLoggerListener.log Command line argument:             -Djdk.tls.ephemeralDHKeySize=2048
11-Nov-2022 09:21:35.701 INFO [main] org.apache.catalina.startup.VersionLoggerListener.log Command line argument:             -Djava.protocol.handler.pkgs=org.apache.catalina.webresources
11-Nov-2022 09:21:35.703 INFO [main] org.apache.catalina.startup.VersionLoggerListener.log Command line argument:             -Dignore.endorsed.dirs=
11-Nov-2022 09:21:35.704 INFO [main] org.apache.catalina.startup.VersionLoggerListener.log Command line argument:             -Dcatalina.base=C:\Users\Usuario\Desktop\jakarta_Experto\apache-tomcat-10.0.27
11-Nov-2022 09:21:35.706 INFO [main] org.apache.catalina.startup.VersionLoggerListener.log Command line argument:             -Dcatalina.home=C:\Users\Usuario\Desktop\jakarta_Experto\apache-tomcat-10.0.27
11-Nov-2022 09:21:35.707 INFO [main] org.apache.catalina.startup.VersionLoggerListener.log Command line argument:             -Djava.io.tmpdir=C:\Users\Usuario\Desktop\jakarta_Experto\apache-tomcat-10.0.27\temp
11-Nov-2022 09:21:35.712 INFO [main] org.apache.catalina.core.AprLifecycleListener.lifecycleEvent Cargada la biblioteca nativa APR de Apache Tomcat [1.2.35] con la versión APR [1.7.0].
11-Nov-2022 09:21:35.712 INFO [main] org.apache.catalina.core.AprLifecycleListener.lifecycleEvent Capacidades APR: IPv6 [true], enviar fichero [true], aceptar filtros [false], aleatorio [true], UDS [true].
11-Nov-2022 09:21:35.719 INFO [main] org.apache.catalina.core.AprLifecycleListener.initializeSSL OpenSSL inicializado correctamente [OpenSSL 1.1.1q  5 Jul 2022]
11-Nov-2022 09:21:36.124 INFO [main] org.apache.coyote.AbstractProtocol.init Inicializando el manejador de protocolo ["http-nio-8080"]

11-Nov-2022 09:21:36.166 INFO [main] org.apache.catalina.startup.Catalina.load Server initialization in [783] milliseconds
11-Nov-2022 09:21:36.283 INFO [main] org.apache.catalina.core.StandardService.startInternal Arrancando servicio [Catalina]
11-Nov-2022 09:21:36.285 INFO [main] org.apache.catalina.core.StandardEngine.startInternal Starting Servlet engine: [Apache Tomcat/10.0.27]
11-Nov-2022 09:21:36.318 INFO [main] org.apache.catalina.startup.HostConfig.deployWAR Despliegue del archivo [C:\Users\Usuario\Desktop\jakarta_Experto\apache-tomcat-10.0.27\webapps\webapp.war] de la aplicación web
11-Nov-2022 09:21:36.885 INFO [main] org.apache.catalina.startup.HostConfig.deployWAR Deployment of web application archive [C:\Users\Usuario\Desktop\jakarta_Experto\apache-tomcat-10.0.27\webapps\webapp.war] has finished in [563] ms
11-Nov-2022 09:21:36.886 INFO [main] org.apache.catalina.startup.HostConfig.deployDirectory Desplegando el directorio [C:\Users\Usuario\Desktop\jakarta_Experto\apache-tomcat-10.0.27\webapps\docs] de la aplicación web
11-Nov-2022 09:21:36.936 INFO [main] org.apache.catalina.startup.HostConfig.deployDirectory Deployment of web application directory [C:\Users\Usuario\Desktop\jakarta_Experto\apache-tomcat-10.0.27\webapps\docs] has finished in [50] ms
11-Nov-2022 09:21:36.937 INFO [main] org.apache.catalina.startup.HostConfig.deployDirectory Desplegando el directorio [C:\Users\Usuario\Desktop\jakarta_Experto\apache-tomcat-10.0.27\webapps\examples] de la aplicación web
11-Nov-2022 09:21:37.765 INFO [main] org.apache.catalina.startup.HostConfig.deployDirectory Deployment of web application directory [C:\Users\Usuario\Desktop\jakarta_Experto\apache-tomcat-10.0.27\webapps\examples] has finished in [828] ms
11-Nov-2022 09:21:37.771 INFO [main] org.apache.catalina.startup.HostConfig.deployDirectory Desplegando el directorio [C:\Users\Usuario\Desktop\jakarta_Experto\apache-tomcat-10.0.27\webapps\host-manager] de la aplicación web
11-Nov-2022 09:21:37.944 INFO [main] org.apache.catalina.startup.HostConfig.deployDirectory Deployment of web application directory [C:\Users\Usuario\Desktop\jakarta_Experto\apache-tomcat-10.0.27\webapps\host-manager] has finished in [172] ms
11-Nov-2022 09:21:37.965 INFO [main] org.apache.catalina.startup.HostConfig.deployDirectory Desplegando el directorio [C:\Users\Usuario\Desktop\jakarta_Experto\apache-tomcat-10.0.27\webapps\manager] de la aplicación web
11-Nov-2022 09:21:38.146 INFO [main] org.apache.catalina.startup.HostConfig.deployDirectory Deployment of web application directory [C:\Users\Usuario\Desktop\jakarta_Experto\apache-tomcat-10.0.27\webapps\manager] has finished in [180] ms
11-Nov-2022 09:21:38.148 INFO [main] org.apache.catalina.startup.HostConfig.deployDirectory Desplegando el directorio [C:\Users\Usuario\Desktop\jakarta_Experto\apache-tomcat-10.0.27\webapps\ROOT] de la aplicación web
11-Nov-2022 09:21:38.216 INFO [main] org.apache.catalina.startup.HostConfig.deployDirectory Deployment of web application directory [C:\Users\Usuario\Desktop\jakarta_Experto\apache-tomcat-10.0.27\webapps\ROOT] has finished in [68] ms
11-Nov-2022 09:21:38.225 INFO [main] org.apache.coyote.AbstractProtocol.start Starting ProtocolHandler ["http-nio-8080"]
11-Nov-2022 09:21:38.340 INFO [main] org.apache.catalina.startup.Catalina.start Server startup in [2171] milliseconds
11-Nov-2022 09:21:54.282 INFO [http-nio-8080-exec-1] org.apache.catalina.startup.HostConfig.undeploy Repliegue (undeploy) de la aplicación web que tiene como trayectoria de contexto [/webapp]
11-Nov-2022 09:21:54.371 INFO [http-nio-8080-exec-1] org.apache.catalina.startup.HostConfig.deployWAR Despliegue del archivo [C:\Users\Usuario\Desktop\jakarta_Experto\apache-tomcat-10.0.27\webapps\webapp.war] de la aplicación web
11-Nov-2022 09:21:54.437 INFO [http-nio-8080-exec-1] org.apache.catalina.startup.HostConfig.deployWAR Deployment of web application archive [C:\Users\Usuario\Desktop\jakarta_Experto\apache-tomcat-10.0.27\webapps\webapp.war] has finished in [66] ms
11-Nov-2022 09:23:55.710 INFO [http-nio-8080-exec-14] org.apache.catalina.startup.HostConfig.deployWAR Despliegue del archivo [C:\Users\Usuario\Desktop\jakarta_Experto\apache-tomcat-10.0.27\webapps\webapp-1.0-SNAPSHOT.war] de la aplicación web
11-Nov-2022 09:23:55.785 INFO [http-nio-8080-exec-14] org.apache.catalina.startup.HostConfig.deployWAR Deployment of web application archive [C:\Users\Usuario\Desktop\jakarta_Experto\apache-tomcat-10.0.27\webapps\webapp-1.0-SNAPSHOT.war] has finished in [74] ms
11-Nov-2022 09:24:48.504 INFO [Thread-1] org.apache.coyote.AbstractProtocol.pause Pausing ProtocolHandler ["http-nio-8080"]
11-Nov-2022 09:24:48.525 INFO [Thread-1] org.apache.catalina.core.StandardService.stopInternal Parando servicio [Catalina]
11-Nov-2022 09:24:48.557 INFO [Thread-1] org.apache.coyote.AbstractProtocol.stop Stopping ProtocolHandler ["http-nio-8080"]
11-Nov-2022 09:24:48.574 INFO [Thread-1] org.apache.coyote.AbstractProtocol.destroy Destroying ProtocolHandler ["http-nio-8080"]
11-Nov-2022 09:25:17.020 INFO [main] org.apache.catalina.startup.VersionLoggerListener.log Nombre de la versión del servidor: Apache Tomcat/10.0.27
11-Nov-2022 09:25:17.026 INFO [main] org.apache.catalina.startup.VersionLoggerListener.log Server built:                      Oct 3 2022 14:18:31 UTC
11-Nov-2022 09:25:17.027 INFO [main] org.apache.catalina.startup.VersionLoggerListener.log Número de versión de servidor:     10.0.27.0
11-Nov-2022 09:25:17.028 INFO [main] org.apache.catalina.startup.VersionLoggerListener.log OS Name:                           Windows 10
11-Nov-2022 09:25:17.028 INFO [main] org.apache.catalina.startup.VersionLoggerListener.log Versión de Systema Operativo:      10.0
11-Nov-2022 09:25:17.028 INFO [main] org.apache.catalina.startup.VersionLoggerListener.log Arquitectura:                      amd64
11-Nov-2022 09:25:17.028 INFO [main] org.apache.catalina.startup.VersionLoggerListener.log Java Home:                         C:\Users\Usuario\Documents\jdk-19.0.1
11-Nov-2022 09:25:17.029 INFO [main] org.apache.catalina.startup.VersionLoggerListener.log JVM Version:                       19.0.1+10-21
11-Nov-2022 09:25:17.029 INFO [main] org.apache.catalina.startup.VersionLoggerListener.log Vededor JVM:                       Oracle Corporation
11-Nov-2022 09:25:17.033 INFO [main] org.apache.catalina.startup.VersionLoggerListener.log CATALINA_BASE:                     C:\Users\Usuario\Desktop\jakarta_Experto\apache-tomcat-10.0.27
11-Nov-2022 09:25:17.037 INFO [main] org.apache.catalina.startup.VersionLoggerListener.log CATALINA_HOME:                     C:\Users\Usuario\Desktop\jakarta_Experto\apache-tomcat-10.0.27
11-Nov-2022 09:25:17.043 INFO [main] org.apache.catalina.startup.VersionLoggerListener.log Command line argument:             --add-opens=java.base/java.lang=ALL-UNNAMED
11-Nov-2022 09:25:17.044 INFO [main] org.apache.catalina.startup.VersionLoggerListener.log Command line argument:             --add-opens=java.base/java.io=ALL-UNNAMED
11-Nov-2022 09:25:17.044 INFO [main] org.apache.catalina.startup.VersionLoggerListener.log Command line argument:             --add-opens=java.base/java.util=ALL-UNNAMED
11-Nov-2022 09:25:17.044 INFO [main] org.apache.catalina.startup.VersionLoggerListener.log Command line argument:             --add-opens=java.base/java.util.concurrent=ALL-UNNAMED
11-Nov-2022 09:25:17.047 INFO [main] org.apache.catalina.startup.VersionLoggerListener.log Command line argument:             --add-opens=java.rmi/sun.rmi.transport=ALL-UNNAMED
11-Nov-2022 09:25:17.049 INFO [main] org.apache.catalina.startup.VersionLoggerListener.log Command line argument:             -Djava.util.logging.config.file=C:\Users\Usuario\Desktop\jakarta_Experto\apache-tomcat-10.0.27\conf\logging.properties
11-Nov-2022 09:25:17.050 INFO [main] org.apache.catalina.startup.VersionLoggerListener.log Command line argument:             -Djava.util.logging.manager=org.apache.juli.ClassLoaderLogManager
11-Nov-2022 09:25:17.051 INFO [main] org.apache.catalina.startup.VersionLoggerListener.log Command line argument:             -Djdk.tls.ephemeralDHKeySize=2048
11-Nov-2022 09:25:17.056 INFO [main] org.apache.catalina.startup.VersionLoggerListener.log Command line argument:             -Djava.protocol.handler.pkgs=org.apache.catalina.webresources
11-Nov-2022 09:25:17.058 INFO [main] org.apache.catalina.startup.VersionLoggerListener.log Command line argument:             -Dignore.endorsed.dirs=
11-Nov-2022 09:25:17.058 INFO [main] org.apache.catalina.startup.VersionLoggerListener.log Command line argument:             -Dcatalina.base=C:\Users\Usuario\Desktop\jakarta_Experto\apache-tomcat-10.0.27
11-Nov-2022 09:25:17.059 INFO [main] org.apache.catalina.startup.VersionLoggerListener.log Command line argument:             -Dcatalina.home=C:\Users\Usuario\Desktop\jakarta_Experto\apache-tomcat-10.0.27
11-Nov-2022 09:25:17.059 INFO [main] org.apache.catalina.startup.VersionLoggerListener.log Command line argument:             -Djava.io.tmpdir=C:\Users\Usuario\Desktop\jakarta_Experto\apache-tomcat-10.0.27\temp
11-Nov-2022 09:25:17.067 INFO [main] org.apache.catalina.core.AprLifecycleListener.lifecycleEvent Cargada la biblioteca nativa APR de Apache Tomcat [1.2.35] con la versión APR [1.7.0].
11-Nov-2022 09:25:17.069 INFO [main] org.apache.catalina.core.AprLifecycleListener.lifecycleEvent Capacidades APR: IPv6 [true], enviar fichero [true], aceptar filtros [false], aleatorio [true], UDS [true].
11-Nov-2022 09:25:17.077 INFO [main] org.apache.catalina.core.AprLifecycleListener.initializeSSL OpenSSL inicializado correctamente [OpenSSL 1.1.1q  5 Jul 2022]
11-Nov-2022 09:25:17.580 INFO [main] org.apache.coyote.AbstractProtocol.init Inicializando el manejador de protocolo ["http-nio-8080"]

11-Nov-2022 09:25:17.650 INFO [main] org.apache.catalina.startup.Catalina.load Server initialization in [962] milliseconds
11-Nov-2022 09:25:17.730 INFO [main] org.apache.catalina.core.StandardService.startInternal Arrancando servicio [Catalina]
11-Nov-2022 09:25:17.736 INFO [main] org.apache.catalina.core.StandardEngine.startInternal Starting Servlet engine: [Apache Tomcat/10.0.27]
11-Nov-2022 09:25:17.767 INFO [main] org.apache.catalina.startup.HostConfig.deployWAR Despliegue del archivo [C:\Users\Usuario\Desktop\jakarta_Experto\apache-tomcat-10.0.27\webapps\webapp-1.0-SNAPSHOT.war] de la aplicación web
11-Nov-2022 09:25:18.357 INFO [main] org.apache.catalina.startup.HostConfig.deployWAR Deployment of web application archive [C:\Users\Usuario\Desktop\jakarta_Experto\apache-tomcat-10.0.27\webapps\webapp-1.0-SNAPSHOT.war] has finished in [586] ms
11-Nov-2022 09:25:18.360 INFO [main] org.apache.catalina.startup.HostConfig.deployWAR Despliegue del archivo [C:\Users\Usuario\Desktop\jakarta_Experto\apache-tomcat-10.0.27\webapps\webapp.war] de la aplicación web
11-Nov-2022 09:25:18.416 INFO [main] org.apache.catalina.startup.HostConfig.deployWAR Deployment of web application archive [C:\Users\Usuario\Desktop\jakarta_Experto\apache-tomcat-10.0.27\webapps\webapp.war] has finished in [56] ms
11-Nov-2022 09:25:18.417 INFO [main] org.apache.catalina.startup.HostConfig.deployDirectory Desplegando el directorio [C:\Users\Usuario\Desktop\jakarta_Experto\apache-tomcat-10.0.27\webapps\docs] de la aplicación web
11-Nov-2022 09:25:18.462 INFO [main] org.apache.catalina.startup.HostConfig.deployDirectory Deployment of web application directory [C:\Users\Usuario\Desktop\jakarta_Experto\apache-tomcat-10.0.27\webapps\docs] has finished in [44] ms
11-Nov-2022 09:25:18.463 INFO [main] org.apache.catalina.startup.HostConfig.deployDirectory Desplegando el directorio [C:\Users\Usuario\Desktop\jakarta_Experto\apache-tomcat-10.0.27\webapps\examples] de la aplicación web
11-Nov-2022 09:25:19.219 INFO [main] org.apache.catalina.startup.HostConfig.deployDirectory Deployment of web application directory [C:\Users\Usuario\Desktop\jakarta_Experto\apache-tomcat-10.0.27\webapps\examples] has finished in [757] ms
11-Nov-2022 09:25:19.220 INFO [main] org.apache.catalina.startup.HostConfig.deployDirectory Desplegando el directorio [C:\Users\Usuario\Desktop\jakarta_Experto\apache-tomcat-10.0.27\webapps\host-manager] de la aplicación web
11-Nov-2022 09:25:19.318 INFO [main] org.apache.catalina.startup.HostConfig.deployDirectory Deployment of web application directory [C:\Users\Usuario\Desktop\jakarta_Experto\apache-tomcat-10.0.27\webapps\host-manager] has finished in [97] ms
11-Nov-2022 09:25:19.323 INFO [main] org.apache.catalina.startup.HostConfig.deployDirectory Desplegando el directorio [C:\Users\Usuario\Desktop\jakarta_Experto\apache-tomcat-10.0.27\webapps\manager] de la aplicación web
11-Nov-2022 09:25:19.426 INFO [main] org.apache.catalina.startup.HostConfig.deployDirectory Deployment of web application directory [C:\Users\Usuario\Desktop\jakarta_Experto\apache-tomcat-10.0.27\webapps\manager] has finished in [103] ms
11-Nov-2022 09:25:19.427 INFO [main] org.apache.catalina.startup.HostConfig.deployDirectory Desplegando el directorio [C:\Users\Usuario\Desktop\jakarta_Experto\apache-tomcat-10.0.27\webapps\ROOT] de la aplicación web
11-Nov-2022 09:25:19.485 INFO [main] org.apache.catalina.startup.HostConfig.deployDirectory Deployment of web application directory [C:\Users\Usuario\Desktop\jakarta_Experto\apache-tomcat-10.0.27\webapps\ROOT] has finished in [58] ms
11-Nov-2022 09:25:19.491 INFO [main] org.apache.coyote.AbstractProtocol.start Starting ProtocolHandler ["http-nio-8080"]
11-Nov-2022 09:25:19.645 INFO [main] org.apache.catalina.startup.Catalina.start Server startup in [1989] milliseconds
11-Nov-2022 10:43:41.315 INFO [http-nio-8080-exec-4] org.apache.catalina.startup.HostConfig.undeploy Repliegue (undeploy) de la aplicación web que tiene como trayectoria de contexto [/webapp]
11-Nov-2022 10:43:41.423 INFO [http-nio-8080-exec-4] org.apache.catalina.startup.HostConfig.deployWAR Despliegue del archivo [C:\Users\Usuario\Desktop\jakarta_Experto\apache-tomcat-10.0.27\webapps\webapp.war] de la aplicación web
11-Nov-2022 10:43:41.661 INFO [http-nio-8080-exec-4] org.apache.catalina.startup.HostConfig.deployWAR Deployment of web application archive [C:\Users\Usuario\Desktop\jakarta_Experto\apache-tomcat-10.0.27\webapps\webapp.war] has finished in [232] ms
11-Nov-2022 10:44:26.783 INFO [http-nio-8080-exec-7] org.apache.catalina.startup.HostConfig.undeploy Repliegue (undeploy) de la aplicación web que tiene como trayectoria de contexto [/webapp]
11-Nov-2022 10:44:26.898 INFO [http-nio-8080-exec-7] org.apache.catalina.startup.HostConfig.deployWAR Despliegue del archivo [C:\Users\Usuario\Desktop\jakarta_Experto\apache-tomcat-10.0.27\webapps\webapp.war] de la aplicación web
11-Nov-2022 10:44:27.264 INFO [http-nio-8080-exec-7] org.apache.catalina.startup.HostConfig.deployWAR Deployment of web application archive [C:\Users\Usuario\Desktop\jakarta_Experto\apache-tomcat-10.0.27\webapps\webapp.war] has finished in [366] ms
11-Nov-2022 10:45:48.948 INFO [http-nio-8080-exec-2] org.apache.catalina.startup.HostConfig.undeploy Repliegue (undeploy) de la aplicación web que tiene como trayectoria de contexto [/webapp]
11-Nov-2022 10:45:49.012 INFO [http-nio-8080-exec-2] org.apache.catalina.startup.HostConfig.deployWAR Despliegue del archivo [C:\Users\Usuario\Desktop\jakarta_Experto\apache-tomcat-10.0.27\webapps\webapp.war] de la aplicación web
11-Nov-2022 10:45:49.138 INFO [http-nio-8080-exec-2] org.apache.catalina.startup.HostConfig.deployWAR Deployment of web application archive [C:\Users\Usuario\Desktop\jakarta_Experto\apache-tomcat-10.0.27\webapps\webapp.war] has finished in [126] ms
11-Nov-2022 11:00:22.851 INFO [Thread-1] org.apache.coyote.AbstractProtocol.pause Pausing ProtocolHandler ["http-nio-8080"]
11-Nov-2022 11:00:22.884 INFO [Thread-1] org.apache.catalina.core.StandardService.stopInternal Parando servicio [Catalina]
11-Nov-2022 11:00:22.907 INFO [Thread-1] org.apache.coyote.AbstractProtocol.stop Stopping ProtocolHandler ["http-nio-8080"]
11-Nov-2022 11:00:22.925 INFO [Thread-1] org.apache.coyote.AbstractProtocol.destroy Destroying ProtocolHandler ["http-nio-8080"]
11-Nov-2022 14:21:08.834 INFO [main] org.apache.catalina.startup.VersionLoggerListener.log Nombre de la versión del servidor: Apache Tomcat/10.0.27
11-Nov-2022 14:21:08.846 INFO [main] org.apache.catalina.startup.VersionLoggerListener.log Server built:                      Oct 3 2022 14:18:31 UTC
11-Nov-2022 14:21:08.849 INFO [main] org.apache.catalina.startup.VersionLoggerListener.log Número de versión de servidor:     10.0.27.0
11-Nov-2022 14:21:08.849 INFO [main] org.apache.catalina.startup.VersionLoggerListener.log OS Name:                           Windows 10
11-Nov-2022 14:21:08.850 INFO [main] org.apache.catalina.startup.VersionLoggerListener.log Versión de Systema Operativo:      10.0
11-Nov-2022 14:21:08.850 INFO [main] org.apache.catalina.startup.VersionLoggerListener.log Arquitectura:                      amd64
11-Nov-2022 14:21:08.850 INFO [main] org.apache.catalina.startup.VersionLoggerListener.log Java Home:                         C:\Users\Usuario\Documents\jdk-19.0.1
11-Nov-2022 14:21:08.850 INFO [main] org.apache.catalina.startup.VersionLoggerListener.log JVM Version:                       19.0.1+10-21
11-Nov-2022 14:21:08.850 INFO [main] org.apache.catalina.startup.VersionLoggerListener.log Vededor JVM:                       Oracle Corporation
11-Nov-2022 14:21:08.851 INFO [main] org.apache.catalina.startup.VersionLoggerListener.log CATALINA_BASE:                     C:\Users\Usuario\Desktop\jakarta_Experto\apache-tomcat-10.0.27
11-Nov-2022 14:21:08.851 INFO [main] org.apache.catalina.startup.VersionLoggerListener.log CATALINA_HOME:                     C:\Users\Usuario\Desktop\jakarta_Experto\apache-tomcat-10.0.27
11-Nov-2022 14:21:08.984 INFO [main] org.apache.catalina.startup.VersionLoggerListener.log Command line argument:             --add-opens=java.base/java.lang=ALL-UNNAMED
11-Nov-2022 14:21:08.985 INFO [main] org.apache.catalina.startup.VersionLoggerListener.log Command line argument:             --add-opens=java.base/java.io=ALL-UNNAMED
11-Nov-2022 14:21:08.985 INFO [main] org.apache.catalina.startup.VersionLoggerListener.log Command line argument:             --add-opens=java.base/java.util=ALL-UNNAMED
11-Nov-2022 14:21:08.986 INFO [main] org.apache.catalina.startup.VersionLoggerListener.log Command line argument:             --add-opens=java.base/java.util.concurrent=ALL-UNNAMED
11-Nov-2022 14:21:08.987 INFO [main] org.apache.catalina.startup.VersionLoggerListener.log Command line argument:             --add-opens=java.rmi/sun.rmi.transport=ALL-UNNAMED
11-Nov-2022 14:21:08.987 INFO [main] org.apache.catalina.startup.VersionLoggerListener.log Command line argument:             -Djava.util.logging.config.file=C:\Users\Usuario\Desktop\jakarta_Experto\apache-tomcat-10.0.27\conf\logging.properties
11-Nov-2022 14:21:08.988 INFO [main] org.apache.catalina.startup.VersionLoggerListener.log Command line argument:             -Djava.util.logging.manager=org.apache.juli.ClassLoaderLogManager
11-Nov-2022 14:21:08.988 INFO [main] org.apache.catalina.startup.VersionLoggerListener.log Command line argument:             -Djdk.tls.ephemeralDHKeySize=2048
11-Nov-2022 14:21:08.989 INFO [main] org.apache.catalina.startup.VersionLoggerListener.log Command line argument:             -Djava.protocol.handler.pkgs=org.apache.catalina.webresources
11-Nov-2022 14:21:08.990 INFO [main] org.apache.catalina.startup.VersionLoggerListener.log Command line argument:             -Dignore.endorsed.dirs=
11-Nov-2022 14:21:08.991 INFO [main] org.apache.catalina.startup.VersionLoggerListener.log Command line argument:             -Dcatalina.base=C:\Users\Usuario\Desktop\jakarta_Experto\apache-tomcat-10.0.27
11-Nov-2022 14:21:08.991 INFO [main] org.apache.catalina.startup.VersionLoggerListener.log Command line argument:             -Dcatalina.home=C:\Users\Usuario\Desktop\jakarta_Experto\apache-tomcat-10.0.27
11-Nov-2022 14:21:08.992 INFO [main] org.apache.catalina.startup.VersionLoggerListener.log Command line argument:             -Djava.io.tmpdir=C:\Users\Usuario\Desktop\jakarta_Experto\apache-tomcat-10.0.27\temp
11-Nov-2022 14:21:09.101 INFO [main] org.apache.catalina.core.AprLifecycleListener.lifecycleEvent Cargada la biblioteca nativa APR de Apache Tomcat [1.2.35] con la versión APR [1.7.0].
11-Nov-2022 14:21:09.101 INFO [main] org.apache.catalina.core.AprLifecycleListener.lifecycleEvent Capacidades APR: IPv6 [true], enviar fichero [true], aceptar filtros [false], aleatorio [true], UDS [true].
11-Nov-2022 14:21:09.137 INFO [main] org.apache.catalina.core.AprLifecycleListener.initializeSSL OpenSSL inicializado correctamente [OpenSSL 1.1.1q  5 Jul 2022]
11-Nov-2022 14:21:09.750 INFO [main] org.apache.coyote.AbstractProtocol.init Inicializando el manejador de protocolo ["http-nio-8080"]

11-Nov-2022 14:21:09.777 SEVERE [main] org.apache.catalina.util.LifecycleBase.handleSubClassException Fallo al iniciar el componente [Connector[HTTP/1.1-8080]]
	org.apache.catalina.LifecycleException: Falló la inicialización del manejador de protocolo
		at org.apache.catalina.connector.Connector.initInternal(Connector.java:1055)
		at org.apache.catalina.util.LifecycleBase.init(LifecycleBase.java:136)
		at org.apache.catalina.core.StandardService.initInternal(StandardService.java:556)
		at org.apache.catalina.util.LifecycleBase.init(LifecycleBase.java:136)
		at org.apache.catalina.core.StandardServer.initInternal(StandardServer.java:1045)
		at org.apache.catalina.util.LifecycleBase.init(LifecycleBase.java:136)
		at org.apache.catalina.startup.Catalina.load(Catalina.java:747)
		at org.apache.catalina.startup.Catalina.load(Catalina.java:769)
		at java.base/jdk.internal.reflect.DirectMethodHandleAccessor.invoke(DirectMethodHandleAccessor.java:104)
		at java.base/java.lang.reflect.Method.invoke(Method.java:578)
		at org.apache.catalina.startup.Bootstrap.load(Bootstrap.java:305)
		at org.apache.catalina.startup.Bootstrap.main(Bootstrap.java:475)
	Caused by: java.net.BindException: Address already in use: bind
		at java.base/sun.nio.ch.Net.bind0(Native Method)
		at java.base/sun.nio.ch.Net.bind(Net.java:555)
		at java.base/sun.nio.ch.ServerSocketChannelImpl.netBind(ServerSocketChannelImpl.java:344)
		at java.base/sun.nio.ch.ServerSocketChannelImpl.bind(ServerSocketChannelImpl.java:301)
		at org.apache.tomcat.util.net.NioEndpoint.initServerSocket(NioEndpoint.java:246)
		at org.apache.tomcat.util.net.NioEndpoint.bind(NioEndpoint.java:201)
		at org.apache.tomcat.util.net.AbstractEndpoint.bindWithCleanup(AbstractEndpoint.java:1192)
		at org.apache.tomcat.util.net.AbstractEndpoint.init(AbstractEndpoint.java:1205)
		at org.apache.coyote.AbstractProtocol.init(AbstractProtocol.java:583)
		at org.apache.coyote.http11.AbstractHttp11Protocol.init(AbstractHttp11Protocol.java:79)
		at org.apache.catalina.connector.Connector.initInternal(Connector.java:1052)
		... 11 more
11-Nov-2022 14:21:09.778 INFO [main] org.apache.catalina.startup.Catalina.load Server initialization in [1552] milliseconds
11-Nov-2022 14:21:10.144 INFO [main] org.apache.catalina.core.StandardService.startInternal Arrancando servicio [Catalina]
11-Nov-2022 14:21:10.145 INFO [main] org.apache.catalina.core.StandardEngine.startInternal Starting Servlet engine: [Apache Tomcat/10.0.27]
11-Nov-2022 14:21:10.186 INFO [main] org.apache.catalina.startup.HostConfig.deployWAR Despliegue del archivo [C:\Users\Usuario\Desktop\jakarta_Experto\apache-tomcat-10.0.27\webapps\webapp-1.0-SNAPSHOT.war] de la aplicación web
11-Nov-2022 14:21:10.783 WARNING [main] org.apache.catalina.util.SessionIdGeneratorBase.createSecureRandom Creation of SecureRandom instance for session ID generation using [SHA1PRNG] took [114] milliseconds.
11-Nov-2022 14:21:10.819 INFO [main] org.apache.catalina.startup.HostConfig.deployWAR Deployment of web application archive [C:\Users\Usuario\Desktop\jakarta_Experto\apache-tomcat-10.0.27\webapps\webapp-1.0-SNAPSHOT.war] has finished in [633] ms
11-Nov-2022 14:21:10.850 INFO [main] org.apache.catalina.startup.HostConfig.deployWAR Despliegue del archivo [C:\Users\Usuario\Desktop\jakarta_Experto\apache-tomcat-10.0.27\webapps\webapp.war] de la aplicación web
11-Nov-2022 14:21:10.941 INFO [main] org.apache.catalina.startup.HostConfig.deployWAR Deployment of web application archive [C:\Users\Usuario\Desktop\jakarta_Experto\apache-tomcat-10.0.27\webapps\webapp.war] has finished in [91] ms
11-Nov-2022 14:21:10.943 INFO [main] org.apache.catalina.startup.HostConfig.deployDirectory Desplegando el directorio [C:\Users\Usuario\Desktop\jakarta_Experto\apache-tomcat-10.0.27\webapps\docs] de la aplicación web
11-Nov-2022 14:21:10.995 INFO [main] org.apache.catalina.startup.HostConfig.deployDirectory Deployment of web application directory [C:\Users\Usuario\Desktop\jakarta_Experto\apache-tomcat-10.0.27\webapps\docs] has finished in [52] ms
11-Nov-2022 14:21:10.996 INFO [main] org.apache.catalina.startup.HostConfig.deployDirectory Desplegando el directorio [C:\Users\Usuario\Desktop\jakarta_Experto\apache-tomcat-10.0.27\webapps\examples] de la aplicación web
11-Nov-2022 14:21:14.610 INFO [main] org.apache.catalina.startup.HostConfig.deployDirectory Deployment of web application directory [C:\Users\Usuario\Desktop\jakarta_Experto\apache-tomcat-10.0.27\webapps\examples] has finished in [3.614] ms
11-Nov-2022 14:21:14.610 INFO [main] org.apache.catalina.startup.HostConfig.deployDirectory Desplegando el directorio [C:\Users\Usuario\Desktop\jakarta_Experto\apache-tomcat-10.0.27\webapps\host-manager] de la aplicación web
11-Nov-2022 14:21:14.810 INFO [main] org.apache.catalina.startup.HostConfig.deployDirectory Deployment of web application directory [C:\Users\Usuario\Desktop\jakarta_Experto\apache-tomcat-10.0.27\webapps\host-manager] has finished in [199] ms
11-Nov-2022 14:21:14.811 INFO [main] org.apache.catalina.startup.HostConfig.deployDirectory Desplegando el directorio [C:\Users\Usuario\Desktop\jakarta_Experto\apache-tomcat-10.0.27\webapps\manager] de la aplicación web
11-Nov-2022 14:21:14.933 INFO [main] org.apache.catalina.startup.HostConfig.deployDirectory Deployment of web application directory [C:\Users\Usuario\Desktop\jakarta_Experto\apache-tomcat-10.0.27\webapps\manager] has finished in [123] ms
11-Nov-2022 14:21:14.934 INFO [main] org.apache.catalina.startup.HostConfig.deployDirectory Desplegando el directorio [C:\Users\Usuario\Desktop\jakarta_Experto\apache-tomcat-10.0.27\webapps\ROOT] de la aplicación web
11-Nov-2022 14:21:14.999 INFO [main] org.apache.catalina.startup.HostConfig.deployDirectory Deployment of web application directory [C:\Users\Usuario\Desktop\jakarta_Experto\apache-tomcat-10.0.27\webapps\ROOT] has finished in [65] ms
11-Nov-2022 14:21:15.004 INFO [main] org.apache.catalina.startup.Catalina.start Server startup in [5221] milliseconds
11-Nov-2022 14:23:18.425 INFO [main] org.apache.catalina.startup.VersionLoggerListener.log Nombre de la versión del servidor: Apache Tomcat/10.0.27
11-Nov-2022 14:23:18.430 INFO [main] org.apache.catalina.startup.VersionLoggerListener.log Server built:                      Oct 3 2022 14:18:31 UTC
11-Nov-2022 14:23:18.431 INFO [main] org.apache.catalina.startup.VersionLoggerListener.log Número de versión de servidor:     10.0.27.0
11-Nov-2022 14:23:18.431 INFO [main] org.apache.catalina.startup.VersionLoggerListener.log OS Name:                           Windows 10
11-Nov-2022 14:23:18.431 INFO [main] org.apache.catalina.startup.VersionLoggerListener.log Versión de Systema Operativo:      10.0
11-Nov-2022 14:23:18.431 INFO [main] org.apache.catalina.startup.VersionLoggerListener.log Arquitectura:                      amd64
11-Nov-2022 14:23:18.432 INFO [main] org.apache.catalina.startup.VersionLoggerListener.log Java Home:                         C:\Users\Usuario\Documents\jdk-19.0.1
11-Nov-2022 14:23:18.432 INFO [main] org.apache.catalina.startup.VersionLoggerListener.log JVM Version:                       19.0.1+10-21
11-Nov-2022 14:23:18.432 INFO [main] org.apache.catalina.startup.VersionLoggerListener.log Vededor JVM:                       Oracle Corporation
11-Nov-2022 14:23:18.433 INFO [main] org.apache.catalina.startup.VersionLoggerListener.log CATALINA_BASE:                     C:\Users\Usuario\Desktop\jakarta_Experto\apache-tomcat-10.0.27
11-Nov-2022 14:23:18.433 INFO [main] org.apache.catalina.startup.VersionLoggerListener.log CATALINA_HOME:                     C:\Users\Usuario\Desktop\jakarta_Experto\apache-tomcat-10.0.27
11-Nov-2022 14:23:18.447 INFO [main] org.apache.catalina.startup.VersionLoggerListener.log Command line argument:             --add-opens=java.base/java.lang=ALL-UNNAMED
11-Nov-2022 14:23:18.447 INFO [main] org.apache.catalina.startup.VersionLoggerListener.log Command line argument:             --add-opens=java.base/java.io=ALL-UNNAMED
11-Nov-2022 14:23:18.447 INFO [main] org.apache.catalina.startup.VersionLoggerListener.log Command line argument:             --add-opens=java.base/java.util=ALL-UNNAMED
11-Nov-2022 14:23:18.448 INFO [main] org.apache.catalina.startup.VersionLoggerListener.log Command line argument:             --add-opens=java.base/java.util.concurrent=ALL-UNNAMED
11-Nov-2022 14:23:18.449 INFO [main] org.apache.catalina.startup.VersionLoggerListener.log Command line argument:             --add-opens=java.rmi/sun.rmi.transport=ALL-UNNAMED
11-Nov-2022 14:23:18.451 INFO [main] org.apache.catalina.startup.VersionLoggerListener.log Command line argument:             -Djava.util.logging.config.file=C:\Users\Usuario\Desktop\jakarta_Experto\apache-tomcat-10.0.27\conf\logging.properties
11-Nov-2022 14:23:18.452 INFO [main] org.apache.catalina.startup.VersionLoggerListener.log Command line argument:             -Djava.util.logging.manager=org.apache.juli.ClassLoaderLogManager
11-Nov-2022 14:23:18.453 INFO [main] org.apache.catalina.startup.VersionLoggerListener.log Command line argument:             -Djdk.tls.ephemeralDHKeySize=2048
11-Nov-2022 14:23:18.454 INFO [main] org.apache.catalina.startup.VersionLoggerListener.log Command line argument:             -Djava.protocol.handler.pkgs=org.apache.catalina.webresources
11-Nov-2022 14:23:18.455 INFO [main] org.apache.catalina.startup.VersionLoggerListener.log Command line argument:             -Dignore.endorsed.dirs=
11-Nov-2022 14:23:18.456 INFO [main] org.apache.catalina.startup.VersionLoggerListener.log Command line argument:             -Dcatalina.base=C:\Users\Usuario\Desktop\jakarta_Experto\apache-tomcat-10.0.27
11-Nov-2022 14:23:18.456 INFO [main] org.apache.catalina.startup.VersionLoggerListener.log Command line argument:             -Dcatalina.home=C:\Users\Usuario\Desktop\jakarta_Experto\apache-tomcat-10.0.27
11-Nov-2022 14:23:18.457 INFO [main] org.apache.catalina.startup.VersionLoggerListener.log Command line argument:             -Djava.io.tmpdir=C:\Users\Usuario\Desktop\jakarta_Experto\apache-tomcat-10.0.27\temp
11-Nov-2022 14:23:18.462 INFO [main] org.apache.catalina.core.AprLifecycleListener.lifecycleEvent Cargada la biblioteca nativa APR de Apache Tomcat [1.2.35] con la versión APR [1.7.0].
11-Nov-2022 14:23:18.462 INFO [main] org.apache.catalina.core.AprLifecycleListener.lifecycleEvent Capacidades APR: IPv6 [true], enviar fichero [true], aceptar filtros [false], aleatorio [true], UDS [true].
11-Nov-2022 14:23:18.469 INFO [main] org.apache.catalina.core.AprLifecycleListener.initializeSSL OpenSSL inicializado correctamente [OpenSSL 1.1.1q  5 Jul 2022]
11-Nov-2022 14:23:18.878 INFO [main] org.apache.coyote.AbstractProtocol.init Inicializando el manejador de protocolo ["http-nio-8080"]

11-Nov-2022 14:23:19.108 INFO [main] org.apache.catalina.startup.Catalina.load Server initialization in [1013] milliseconds
11-Nov-2022 14:23:19.166 INFO [main] org.apache.catalina.core.StandardService.startInternal Arrancando servicio [Catalina]
11-Nov-2022 14:23:19.167 INFO [main] org.apache.catalina.core.StandardEngine.startInternal Starting Servlet engine: [Apache Tomcat/10.0.27]
11-Nov-2022 14:23:19.194 INFO [main] org.apache.catalina.startup.HostConfig.deployWAR Despliegue del archivo [C:\Users\Usuario\Desktop\jakarta_Experto\apache-tomcat-10.0.27\webapps\webapp-1.0-SNAPSHOT.war] de la aplicación web
11-Nov-2022 14:23:19.658 INFO [main] org.apache.catalina.startup.HostConfig.deployWAR Deployment of web application archive [C:\Users\Usuario\Desktop\jakarta_Experto\apache-tomcat-10.0.27\webapps\webapp-1.0-SNAPSHOT.war] has finished in [462] ms
11-Nov-2022 14:23:19.661 INFO [main] org.apache.catalina.startup.HostConfig.deployWAR Despliegue del archivo [C:\Users\Usuario\Desktop\jakarta_Experto\apache-tomcat-10.0.27\webapps\webapp.war] de la aplicación web
11-Nov-2022 14:23:19.748 INFO [main] org.apache.catalina.startup.HostConfig.deployWAR Deployment of web application archive [C:\Users\Usuario\Desktop\jakarta_Experto\apache-tomcat-10.0.27\webapps\webapp.war] has finished in [87] ms
11-Nov-2022 14:23:19.750 INFO [main] org.apache.catalina.startup.HostConfig.deployDirectory Desplegando el directorio [C:\Users\Usuario\Desktop\jakarta_Experto\apache-tomcat-10.0.27\webapps\docs] de la aplicación web
11-Nov-2022 14:23:19.793 INFO [main] org.apache.catalina.startup.HostConfig.deployDirectory Deployment of web application directory [C:\Users\Usuario\Desktop\jakarta_Experto\apache-tomcat-10.0.27\webapps\docs] has finished in [43] ms
11-Nov-2022 14:23:19.794 INFO [main] org.apache.catalina.startup.HostConfig.deployDirectory Desplegando el directorio [C:\Users\Usuario\Desktop\jakarta_Experto\apache-tomcat-10.0.27\webapps\examples] de la aplicación web
11-Nov-2022 14:23:20.397 INFO [main] org.apache.catalina.startup.HostConfig.deployDirectory Deployment of web application directory [C:\Users\Usuario\Desktop\jakarta_Experto\apache-tomcat-10.0.27\webapps\examples] has finished in [603] ms
11-Nov-2022 14:23:20.398 INFO [main] org.apache.catalina.startup.HostConfig.deployDirectory Desplegando el directorio [C:\Users\Usuario\Desktop\jakarta_Experto\apache-tomcat-10.0.27\webapps\host-manager] de la aplicación web
11-Nov-2022 14:23:20.453 INFO [main] org.apache.catalina.startup.HostConfig.deployDirectory Deployment of web application directory [C:\Users\Usuario\Desktop\jakarta_Experto\apache-tomcat-10.0.27\webapps\host-manager] has finished in [55] ms
11-Nov-2022 14:23:20.454 INFO [main] org.apache.catalina.startup.HostConfig.deployDirectory Desplegando el directorio [C:\Users\Usuario\Desktop\jakarta_Experto\apache-tomcat-10.0.27\webapps\manager] de la aplicación web
11-Nov-2022 14:23:20.510 INFO [main] org.apache.catalina.startup.HostConfig.deployDirectory Deployment of web application directory [C:\Users\Usuario\Desktop\jakarta_Experto\apache-tomcat-10.0.27\webapps\manager] has finished in [56] ms
11-Nov-2022 14:23:20.512 INFO [main] org.apache.catalina.startup.HostConfig.deployDirectory Desplegando el directorio [C:\Users\Usuario\Desktop\jakarta_Experto\apache-tomcat-10.0.27\webapps\ROOT] de la aplicación web
11-Nov-2022 14:23:20.553 INFO [main] org.apache.catalina.startup.HostConfig.deployDirectory Deployment of web application directory [C:\Users\Usuario\Desktop\jakarta_Experto\apache-tomcat-10.0.27\webapps\ROOT] has finished in [41] ms
11-Nov-2022 14:23:20.559 INFO [main] org.apache.coyote.AbstractProtocol.start Starting ProtocolHandler ["http-nio-8080"]
11-Nov-2022 14:23:20.677 INFO [main] org.apache.catalina.startup.Catalina.start Server startup in [1565] milliseconds
11-Nov-2022 14:23:40.469 INFO [http-nio-8080-exec-1] org.apache.catalina.startup.HostConfig.undeploy Repliegue (undeploy) de la aplicación web que tiene como trayectoria de contexto [/webapp]
11-Nov-2022 14:23:40.553 INFO [http-nio-8080-exec-1] org.apache.catalina.startup.HostConfig.deployWAR Despliegue del archivo [C:\Users\Usuario\Desktop\jakarta_Experto\apache-tomcat-10.0.27\webapps\webapp.war] de la aplicación web
11-Nov-2022 14:23:40.685 INFO [http-nio-8080-exec-1] org.apache.catalina.startup.HostConfig.deployWAR Deployment of web application archive [C:\Users\Usuario\Desktop\jakarta_Experto\apache-tomcat-10.0.27\webapps\webapp.war] has finished in [131] ms
11-Nov-2022 14:25:07.016 INFO [Thread-1] org.apache.coyote.AbstractProtocol.pause Pausing ProtocolHandler ["http-nio-8080"]
11-Nov-2022 14:25:07.037 INFO [Thread-1] org.apache.catalina.core.StandardService.stopInternal Parando servicio [Catalina]
11-Nov-2022 14:25:07.065 INFO [Thread-1] org.apache.coyote.AbstractProtocol.stop Stopping ProtocolHandler ["http-nio-8080"]
11-Nov-2022 14:25:07.077 INFO [Thread-1] org.apache.coyote.AbstractProtocol.destroy Destroying ProtocolHandler ["http-nio-8080"]
11-Nov-2022 15:05:08.450 INFO [main] org.apache.catalina.startup.VersionLoggerListener.log Nombre de la versión del servidor: Apache Tomcat/10.0.27
11-Nov-2022 15:05:08.457 INFO [main] org.apache.catalina.startup.VersionLoggerListener.log Server built:                      Oct 3 2022 14:18:31 UTC
11-Nov-2022 15:05:08.462 INFO [main] org.apache.catalina.startup.VersionLoggerListener.log Número de versión de servidor:     10.0.27.0
11-Nov-2022 15:05:08.462 INFO [main] org.apache.catalina.startup.VersionLoggerListener.log OS Name:                           Windows 10
11-Nov-2022 15:05:08.463 INFO [main] org.apache.catalina.startup.VersionLoggerListener.log Versión de Systema Operativo:      10.0
11-Nov-2022 15:05:08.466 INFO [main] org.apache.catalina.startup.VersionLoggerListener.log Arquitectura:                      amd64
11-Nov-2022 15:05:08.466 INFO [main] org.apache.catalina.startup.VersionLoggerListener.log Java Home:                         C:\Users\Usuario\Documents\jdk-19.0.1
11-Nov-2022 15:05:08.466 INFO [main] org.apache.catalina.startup.VersionLoggerListener.log JVM Version:                       19.0.1+10-21
11-Nov-2022 15:05:08.467 INFO [main] org.apache.catalina.startup.VersionLoggerListener.log Vededor JVM:                       Oracle Corporation
11-Nov-2022 15:05:08.468 INFO [main] org.apache.catalina.startup.VersionLoggerListener.log CATALINA_BASE:                     C:\Users\Usuario\Desktop\jakarta_Experto\apache-tomcat-10.0.27
11-Nov-2022 15:05:08.468 INFO [main] org.apache.catalina.startup.VersionLoggerListener.log CATALINA_HOME:                     C:\Users\Usuario\Desktop\jakarta_Experto\apache-tomcat-10.0.27
11-Nov-2022 15:05:08.481 INFO [main] org.apache.catalina.startup.VersionLoggerListener.log Command line argument:             --add-opens=java.base/java.lang=ALL-UNNAMED
11-Nov-2022 15:05:08.481 INFO [main] org.apache.catalina.startup.VersionLoggerListener.log Command line argument:             --add-opens=java.base/java.io=ALL-UNNAMED
11-Nov-2022 15:05:08.482 INFO [main] org.apache.catalina.startup.VersionLoggerListener.log Command line argument:             --add-opens=java.base/java.util=ALL-UNNAMED
11-Nov-2022 15:05:08.483 INFO [main] org.apache.catalina.startup.VersionLoggerListener.log Command line argument:             --add-opens=java.base/java.util.concurrent=ALL-UNNAMED
11-Nov-2022 15:05:08.485 INFO [main] org.apache.catalina.startup.VersionLoggerListener.log Command line argument:             --add-opens=java.rmi/sun.rmi.transport=ALL-UNNAMED
11-Nov-2022 15:05:08.487 INFO [main] org.apache.catalina.startup.VersionLoggerListener.log Command line argument:             -Djava.util.logging.config.file=C:\Users\Usuario\Desktop\jakarta_Experto\apache-tomcat-10.0.27\conf\logging.properties
11-Nov-2022 15:05:08.488 INFO [main] org.apache.catalina.startup.VersionLoggerListener.log Command line argument:             -Djava.util.logging.manager=org.apache.juli.ClassLoaderLogManager
11-Nov-2022 15:05:08.489 INFO [main] org.apache.catalina.startup.VersionLoggerListener.log Command line argument:             -Djdk.tls.ephemeralDHKeySize=2048
11-Nov-2022 15:05:08.490 INFO [main] org.apache.catalina.startup.VersionLoggerListener.log Command line argument:             -Djava.protocol.handler.pkgs=org.apache.catalina.webresources
11-Nov-2022 15:05:08.490 INFO [main] org.apache.catalina.startup.VersionLoggerListener.log Command line argument:             -Dignore.endorsed.dirs=
11-Nov-2022 15:05:08.492 INFO [main] org.apache.catalina.startup.VersionLoggerListener.log Command line argument:             -Dcatalina.base=C:\Users\Usuario\Desktop\jakarta_Experto\apache-tomcat-10.0.27
11-Nov-2022 15:05:08.494 INFO [main] org.apache.catalina.startup.VersionLoggerListener.log Command line argument:             -Dcatalina.home=C:\Users\Usuario\Desktop\jakarta_Experto\apache-tomcat-10.0.27
11-Nov-2022 15:05:08.495 INFO [main] org.apache.catalina.startup.VersionLoggerListener.log Command line argument:             -Djava.io.tmpdir=C:\Users\Usuario\Desktop\jakarta_Experto\apache-tomcat-10.0.27\temp
11-Nov-2022 15:05:08.502 INFO [main] org.apache.catalina.core.AprLifecycleListener.lifecycleEvent Cargada la biblioteca nativa APR de Apache Tomcat [1.2.35] con la versión APR [1.7.0].
11-Nov-2022 15:05:08.503 INFO [main] org.apache.catalina.core.AprLifecycleListener.lifecycleEvent Capacidades APR: IPv6 [true], enviar fichero [true], aceptar filtros [false], aleatorio [true], UDS [true].
11-Nov-2022 15:05:08.513 INFO [main] org.apache.catalina.core.AprLifecycleListener.initializeSSL OpenSSL inicializado correctamente [OpenSSL 1.1.1q  5 Jul 2022]
11-Nov-2022 15:05:09.107 INFO [main] org.apache.coyote.AbstractProtocol.init Inicializando el manejador de protocolo ["http-nio-8080"]

11-Nov-2022 15:05:09.147 INFO [main] org.apache.catalina.startup.Catalina.load Server initialization in [1097] milliseconds
11-Nov-2022 15:05:09.229 INFO [main] org.apache.catalina.core.StandardService.startInternal Arrancando servicio [Catalina]
11-Nov-2022 15:05:09.233 INFO [main] org.apache.catalina.core.StandardEngine.startInternal Starting Servlet engine: [Apache Tomcat/10.0.27]
11-Nov-2022 15:05:09.263 INFO [main] org.apache.catalina.startup.HostConfig.deployWAR Despliegue del archivo [C:\Users\Usuario\Desktop\jakarta_Experto\apache-tomcat-10.0.27\webapps\webapp-1.0-SNAPSHOT.war] de la aplicación web
11-Nov-2022 15:05:09.852 INFO [main] org.apache.catalina.startup.HostConfig.deployWAR Deployment of web application archive [C:\Users\Usuario\Desktop\jakarta_Experto\apache-tomcat-10.0.27\webapps\webapp-1.0-SNAPSHOT.war] has finished in [584] ms
11-Nov-2022 15:05:09.855 INFO [main] org.apache.catalina.startup.HostConfig.deployWAR Despliegue del archivo [C:\Users\Usuario\Desktop\jakarta_Experto\apache-tomcat-10.0.27\webapps\webapp.war] de la aplicación web
11-Nov-2022 15:05:09.976 INFO [main] org.apache.catalina.startup.HostConfig.deployWAR Deployment of web application archive [C:\Users\Usuario\Desktop\jakarta_Experto\apache-tomcat-10.0.27\webapps\webapp.war] has finished in [121] ms
11-Nov-2022 15:05:09.978 INFO [main] org.apache.catalina.startup.HostConfig.deployDirectory Desplegando el directorio [C:\Users\Usuario\Desktop\jakarta_Experto\apache-tomcat-10.0.27\webapps\docs] de la aplicación web
11-Nov-2022 15:05:10.036 INFO [main] org.apache.catalina.startup.HostConfig.deployDirectory Deployment of web application directory [C:\Users\Usuario\Desktop\jakarta_Experto\apache-tomcat-10.0.27\webapps\docs] has finished in [58] ms
11-Nov-2022 15:05:10.037 INFO [main] org.apache.catalina.startup.HostConfig.deployDirectory Desplegando el directorio [C:\Users\Usuario\Desktop\jakarta_Experto\apache-tomcat-10.0.27\webapps\examples] de la aplicación web
11-Nov-2022 15:05:10.803 INFO [main] org.apache.catalina.startup.HostConfig.deployDirectory Deployment of web application directory [C:\Users\Usuario\Desktop\jakarta_Experto\apache-tomcat-10.0.27\webapps\examples] has finished in [766] ms
11-Nov-2022 15:05:10.803 INFO [main] org.apache.catalina.startup.HostConfig.deployDirectory Desplegando el directorio [C:\Users\Usuario\Desktop\jakarta_Experto\apache-tomcat-10.0.27\webapps\host-manager] de la aplicación web
11-Nov-2022 15:05:10.882 INFO [main] org.apache.catalina.startup.HostConfig.deployDirectory Deployment of web application directory [C:\Users\Usuario\Desktop\jakarta_Experto\apache-tomcat-10.0.27\webapps\host-manager] has finished in [79] ms
11-Nov-2022 15:05:10.883 INFO [main] org.apache.catalina.startup.HostConfig.deployDirectory Desplegando el directorio [C:\Users\Usuario\Desktop\jakarta_Experto\apache-tomcat-10.0.27\webapps\manager] de la aplicación web
11-Nov-2022 15:05:10.966 INFO [main] org.apache.catalina.startup.HostConfig.deployDirectory Deployment of web application directory [C:\Users\Usuario\Desktop\jakarta_Experto\apache-tomcat-10.0.27\webapps\manager] has finished in [82] ms
11-Nov-2022 15:05:10.966 INFO [main] org.apache.catalina.startup.HostConfig.deployDirectory Desplegando el directorio [C:\Users\Usuario\Desktop\jakarta_Experto\apache-tomcat-10.0.27\webapps\ROOT] de la aplicación web
11-Nov-2022 15:05:11.011 INFO [main] org.apache.catalina.startup.HostConfig.deployDirectory Deployment of web application directory [C:\Users\Usuario\Desktop\jakarta_Experto\apache-tomcat-10.0.27\webapps\ROOT] has finished in [44] ms
11-Nov-2022 15:05:11.016 INFO [main] org.apache.coyote.AbstractProtocol.start Starting ProtocolHandler ["http-nio-8080"]
11-Nov-2022 15:05:11.129 INFO [main] org.apache.catalina.startup.Catalina.start Server startup in [1978] milliseconds
11-Nov-2022 15:05:25.051 INFO [http-nio-8080-exec-3] org.apache.catalina.startup.HostConfig.undeploy Repliegue (undeploy) de la aplicación web que tiene como trayectoria de contexto [/webapp]
11-Nov-2022 15:05:25.140 INFO [http-nio-8080-exec-3] org.apache.catalina.startup.HostConfig.deployWAR Despliegue del archivo [C:\Users\Usuario\Desktop\jakarta_Experto\apache-tomcat-10.0.27\webapps\webapp.war] de la aplicación web
11-Nov-2022 15:05:25.252 INFO [http-nio-8080-exec-3] org.apache.catalina.startup.HostConfig.deployWAR Deployment of web application archive [C:\Users\Usuario\Desktop\jakarta_Experto\apache-tomcat-10.0.27\webapps\webapp.war] has finished in [112] ms
11-Nov-2022 15:05:53.539 INFO [http-nio-8080-exec-9] org.apache.catalina.startup.HostConfig.undeploy Repliegue (undeploy) de la aplicación web que tiene como trayectoria de contexto [/webapp]
11-Nov-2022 15:05:53.606 INFO [http-nio-8080-exec-9] org.apache.catalina.startup.HostConfig.deployWAR Despliegue del archivo [C:\Users\Usuario\Desktop\jakarta_Experto\apache-tomcat-10.0.27\webapps\webapp.war] de la aplicación web
11-Nov-2022 15:05:53.772 INFO [http-nio-8080-exec-9] org.apache.catalina.startup.HostConfig.deployWAR Deployment of web application archive [C:\Users\Usuario\Desktop\jakarta_Experto\apache-tomcat-10.0.27\webapps\webapp.war] has finished in [167] ms
11-Nov-2022 15:07:35.860 INFO [http-nio-8080-exec-15] org.apache.catalina.startup.HostConfig.undeploy Repliegue (undeploy) de la aplicación web que tiene como trayectoria de contexto [/webapp]
11-Nov-2022 15:07:35.956 INFO [http-nio-8080-exec-15] org.apache.catalina.startup.HostConfig.deployWAR Despliegue del archivo [C:\Users\Usuario\Desktop\jakarta_Experto\apache-tomcat-10.0.27\webapps\webapp.war] de la aplicación web
11-Nov-2022 15:07:36.159 INFO [http-nio-8080-exec-15] org.apache.catalina.startup.HostConfig.deployWAR Deployment of web application archive [C:\Users\Usuario\Desktop\jakarta_Experto\apache-tomcat-10.0.27\webapps\webapp.war] has finished in [202] ms
11-Nov-2022 15:08:29.712 INFO [http-nio-8080-exec-23] org.apache.catalina.startup.HostConfig.undeploy Repliegue (undeploy) de la aplicación web que tiene como trayectoria de contexto [/webapp]
11-Nov-2022 15:08:29.823 INFO [http-nio-8080-exec-23] org.apache.catalina.startup.HostConfig.deployWAR Despliegue del archivo [C:\Users\Usuario\Desktop\jakarta_Experto\apache-tomcat-10.0.27\webapps\webapp.war] de la aplicación web
11-Nov-2022 15:08:29.968 INFO [http-nio-8080-exec-23] org.apache.catalina.startup.HostConfig.deployWAR Deployment of web application archive [C:\Users\Usuario\Desktop\jakarta_Experto\apache-tomcat-10.0.27\webapps\webapp.war] has finished in [145] ms
