11-Nov-2022 09:06:00.469 INFO [main] org.apache.catalina.core.ApplicationContext.log ContextListener: contextInitialized()
11-Nov-2022 09:06:00.469 INFO [main] org.apache.catalina.core.ApplicationContext.log SessionListener: contextInitialized()
11-Nov-2022 09:06:00.472 INFO [main] org.apache.catalina.core.ApplicationContext.log ContextListener: attributeAdded('StockTicker', 'async.Stockticker@6175619b')
11-Nov-2022 09:15:12.307 INFO [main] org.apache.catalina.core.ApplicationContext.log ContextListener: contextInitialized()
11-Nov-2022 09:15:12.307 INFO [main] org.apache.catalina.core.ApplicationContext.log SessionListener: contextInitialized()
11-Nov-2022 09:15:12.312 INFO [main] org.apache.catalina.core.ApplicationContext.log ContextListener: attributeAdded('StockTicker', 'async.Stockticker@ab7a938')
11-Nov-2022 09:18:50.451 INFO [main] org.apache.catalina.core.ApplicationContext.log ContextListener: contextInitialized()
11-Nov-2022 09:18:50.451 INFO [main] org.apache.catalina.core.ApplicationContext.log SessionListener: contextInitialized()
11-Nov-2022 09:18:50.455 INFO [main] org.apache.catalina.core.ApplicationContext.log ContextListener: attributeAdded('StockTicker', 'async.Stockticker@165b8a71')
11-Nov-2022 09:21:37.692 INFO [main] org.apache.catalina.core.ApplicationContext.log ContextListener: contextInitialized()
11-Nov-2022 09:21:37.693 INFO [main] org.apache.catalina.core.ApplicationContext.log SessionListener: contextInitialized()
11-Nov-2022 09:21:37.723 INFO [main] org.apache.catalina.core.ApplicationContext.log ContextListener: attributeAdded('StockTicker', 'async.Stockticker@1e5f4170')
11-Nov-2022 09:24:48.533 INFO [Thread-1] org.apache.catalina.core.ApplicationContext.log SessionListener: contextDestroyed()
11-Nov-2022 09:24:48.533 INFO [Thread-1] org.apache.catalina.core.ApplicationContext.log ContextListener: contextDestroyed()
11-Nov-2022 09:25:19.196 INFO [main] org.apache.catalina.core.ApplicationContext.log ContextListener: contextInitialized()
11-Nov-2022 09:25:19.196 INFO [main] org.apache.catalina.core.ApplicationContext.log SessionListener: contextInitialized()
11-Nov-2022 09:25:19.202 INFO [main] org.apache.catalina.core.ApplicationContext.log ContextListener: attributeAdded('StockTicker', 'async.Stockticker@62dae245')
11-Nov-2022 11:00:22.889 INFO [Thread-1] org.apache.catalina.core.ApplicationContext.log SessionListener: contextDestroyed()
11-Nov-2022 11:00:22.889 INFO [Thread-1] org.apache.catalina.core.ApplicationContext.log ContextListener: contextDestroyed()
11-Nov-2022 14:21:14.590 INFO [main] org.apache.catalina.core.ApplicationContext.log ContextListener: contextInitialized()
11-Nov-2022 14:21:14.590 INFO [main] org.apache.catalina.core.ApplicationContext.log SessionListener: contextInitialized()
11-Nov-2022 14:21:14.594 INFO [main] org.apache.catalina.core.ApplicationContext.log ContextListener: attributeAdded('StockTicker', 'async.Stockticker@285d851a')
11-Nov-2022 14:23:20.379 INFO [main] org.apache.catalina.core.ApplicationContext.log ContextListener: contextInitialized()
11-Nov-2022 14:23:20.379 INFO [main] org.apache.catalina.core.ApplicationContext.log SessionListener: contextInitialized()
11-Nov-2022 14:23:20.384 INFO [main] org.apache.catalina.core.ApplicationContext.log ContextListener: attributeAdded('StockTicker', 'async.Stockticker@7876d598')
11-Nov-2022 14:25:07.042 INFO [Thread-1] org.apache.catalina.core.ApplicationContext.log SessionListener: contextDestroyed()
11-Nov-2022 14:25:07.042 INFO [Thread-1] org.apache.catalina.core.ApplicationContext.log ContextListener: contextDestroyed()
11-Nov-2022 15:05:10.782 INFO [main] org.apache.catalina.core.ApplicationContext.log ContextListener: contextInitialized()
11-Nov-2022 15:05:10.782 INFO [main] org.apache.catalina.core.ApplicationContext.log SessionListener: contextInitialized()
11-Nov-2022 15:05:10.785 INFO [main] org.apache.catalina.core.ApplicationContext.log ContextListener: attributeAdded('StockTicker', 'async.Stockticker@4985cbcb')
