11-Nov-2022 09:19:09.405 INFO [http-nio-8080-exec-1] org.apache.catalina.core.ApplicationContext.log Manager: init: Associated with Deployer 'Catalina:type=Deployer,host=localhost'
11-Nov-2022 09:19:09.407 INFO [http-nio-8080-exec-1] org.apache.catalina.core.ApplicationContext.log Manager: init: Global resources are available
11-Nov-2022 09:19:09.413 INFO [http-nio-8080-exec-1] org.apache.catalina.core.ApplicationContext.log Manager: deploy: Deploying web application '/webapp'
11-Nov-2022 09:19:09.413 INFO [http-nio-8080-exec-1] org.apache.catalina.core.ApplicationContext.log Manager: Uploading WAR file to C:\Users\Usuario\Desktop\jakarta_Experto\apache-tomcat-10.0.27\webapps\webapp.war.tmp
11-Nov-2022 09:21:54.262 INFO [http-nio-8080-exec-1] org.apache.catalina.core.ApplicationContext.log Manager: init: Associated with Deployer 'Catalina:type=Deployer,host=localhost'
11-Nov-2022 09:21:54.265 INFO [http-nio-8080-exec-1] org.apache.catalina.core.ApplicationContext.log Manager: init: Global resources are available
11-Nov-2022 09:21:54.272 INFO [http-nio-8080-exec-1] org.apache.catalina.core.ApplicationContext.log Manager: deploy: Deploying web application '/webapp'
11-Nov-2022 09:21:54.272 INFO [http-nio-8080-exec-1] org.apache.catalina.core.ApplicationContext.log Manager: Uploading WAR file to C:\Users\Usuario\Desktop\jakarta_Experto\apache-tomcat-10.0.27\webapps\webapp.war.tmp
11-Nov-2022 09:22:38.930 INFO [http-nio-8080-exec-9] org.apache.catalina.core.ApplicationContext.log HTMLManager: init: Associated with Deployer 'Catalina:type=Deployer,host=localhost'
11-Nov-2022 09:22:38.930 INFO [http-nio-8080-exec-9] org.apache.catalina.core.ApplicationContext.log HTMLManager: init: Global resources are available
11-Nov-2022 09:22:38.945 INFO [http-nio-8080-exec-9] org.apache.catalina.core.ApplicationContext.log HTMLManager: list: Listing contexts for virtual host 'localhost'
11-Nov-2022 09:23:55.785 INFO [http-nio-8080-exec-14] org.apache.catalina.core.ApplicationContext.log HTMLManager: list: Listing contexts for virtual host 'localhost'
11-Nov-2022 10:43:41.243 INFO [http-nio-8080-exec-4] org.apache.catalina.core.ApplicationContext.log Manager: init: Associated with Deployer 'Catalina:type=Deployer,host=localhost'
11-Nov-2022 10:43:41.244 INFO [http-nio-8080-exec-4] org.apache.catalina.core.ApplicationContext.log Manager: init: Global resources are available
11-Nov-2022 10:43:41.255 INFO [http-nio-8080-exec-4] org.apache.catalina.core.ApplicationContext.log Manager: deploy: Deploying web application '/webapp'
11-Nov-2022 10:43:41.256 INFO [http-nio-8080-exec-4] org.apache.catalina.core.ApplicationContext.log Manager: Uploading WAR file to C:\Users\Usuario\Desktop\jakarta_Experto\apache-tomcat-10.0.27\webapps\webapp.war.tmp
11-Nov-2022 10:44:26.769 INFO [http-nio-8080-exec-7] org.apache.catalina.core.ApplicationContext.log Manager: deploy: Deploying web application '/webapp'
11-Nov-2022 10:44:26.770 INFO [http-nio-8080-exec-7] org.apache.catalina.core.ApplicationContext.log Manager: Uploading WAR file to C:\Users\Usuario\Desktop\jakarta_Experto\apache-tomcat-10.0.27\webapps\webapp.war.tmp
11-Nov-2022 10:45:48.933 INFO [http-nio-8080-exec-2] org.apache.catalina.core.ApplicationContext.log Manager: deploy: Deploying web application '/webapp'
11-Nov-2022 10:45:48.935 INFO [http-nio-8080-exec-2] org.apache.catalina.core.ApplicationContext.log Manager: Uploading WAR file to C:\Users\Usuario\Desktop\jakarta_Experto\apache-tomcat-10.0.27\webapps\webapp.war.tmp
11-Nov-2022 14:23:40.433 INFO [http-nio-8080-exec-1] org.apache.catalina.core.ApplicationContext.log Manager: init: Associated with Deployer 'Catalina:type=Deployer,host=localhost'
11-Nov-2022 14:23:40.434 INFO [http-nio-8080-exec-1] org.apache.catalina.core.ApplicationContext.log Manager: init: Global resources are available
11-Nov-2022 14:23:40.449 INFO [http-nio-8080-exec-1] org.apache.catalina.core.ApplicationContext.log Manager: deploy: Deploying web application '/webapp'
11-Nov-2022 14:23:40.451 INFO [http-nio-8080-exec-1] org.apache.catalina.core.ApplicationContext.log Manager: Uploading WAR file to C:\Users\Usuario\Desktop\jakarta_Experto\apache-tomcat-10.0.27\webapps\webapp.war.tmp
11-Nov-2022 15:05:25.034 INFO [http-nio-8080-exec-3] org.apache.catalina.core.ApplicationContext.log Manager: init: Associated with Deployer 'Catalina:type=Deployer,host=localhost'
11-Nov-2022 15:05:25.034 INFO [http-nio-8080-exec-3] org.apache.catalina.core.ApplicationContext.log Manager: init: Global resources are available
11-Nov-2022 15:05:25.037 INFO [http-nio-8080-exec-3] org.apache.catalina.core.ApplicationContext.log Manager: deploy: Deploying web application '/webapp'
11-Nov-2022 15:05:25.037 INFO [http-nio-8080-exec-3] org.apache.catalina.core.ApplicationContext.log Manager: Uploading WAR file to C:\Users\Usuario\Desktop\jakarta_Experto\apache-tomcat-10.0.27\webapps\webapp.war.tmp
11-Nov-2022 15:05:53.535 INFO [http-nio-8080-exec-9] org.apache.catalina.core.ApplicationContext.log Manager: deploy: Deploying web application '/webapp'
11-Nov-2022 15:05:53.535 INFO [http-nio-8080-exec-9] org.apache.catalina.core.ApplicationContext.log Manager: Uploading WAR file to C:\Users\Usuario\Desktop\jakarta_Experto\apache-tomcat-10.0.27\webapps\webapp.war.tmp
11-Nov-2022 15:07:35.848 INFO [http-nio-8080-exec-15] org.apache.catalina.core.ApplicationContext.log Manager: deploy: Deploying web application '/webapp'
11-Nov-2022 15:07:35.849 INFO [http-nio-8080-exec-15] org.apache.catalina.core.ApplicationContext.log Manager: Uploading WAR file to C:\Users\Usuario\Desktop\jakarta_Experto\apache-tomcat-10.0.27\webapps\webapp.war.tmp
11-Nov-2022 15:08:29.708 INFO [http-nio-8080-exec-23] org.apache.catalina.core.ApplicationContext.log Manager: deploy: Deploying web application '/webapp'
11-Nov-2022 15:08:29.708 INFO [http-nio-8080-exec-23] org.apache.catalina.core.ApplicationContext.log Manager: Uploading WAR file to C:\Users\Usuario\Desktop\jakarta_Experto\apache-tomcat-10.0.27\webapps\webapp.war.tmp
