15-Nov-2022 09:14:54.504 INFO [http-nio-8080-exec-1] org.apache.catalina.core.ApplicationContext.log Manager: init: Associated with Deployer 'Catalina:type=Deployer,host=localhost'
15-Nov-2022 09:14:54.504 INFO [http-nio-8080-exec-1] org.apache.catalina.core.ApplicationContext.log Manager: init: Global resources are available
15-Nov-2022 09:14:54.526 INFO [http-nio-8080-exec-1] org.apache.catalina.core.ApplicationContext.log Manager: deploy: Deploying web application '/webapp-form'
15-Nov-2022 09:14:54.526 INFO [http-nio-8080-exec-1] org.apache.catalina.core.ApplicationContext.log Manager: Uploading WAR file to C:\Users\Usuario\Desktop\jakarta_Experto\apache-tomcat-10.0.27\webapps\webapp-form.war.tmp
15-Nov-2022 09:15:26.324 INFO [http-nio-8080-exec-5] org.apache.catalina.core.ApplicationContext.log HTMLManager: init: Associated with Deployer 'Catalina:type=Deployer,host=localhost'
15-Nov-2022 09:15:26.324 INFO [http-nio-8080-exec-5] org.apache.catalina.core.ApplicationContext.log HTMLManager: init: Global resources are available
15-Nov-2022 09:15:26.337 INFO [http-nio-8080-exec-5] org.apache.catalina.core.ApplicationContext.log HTMLManager: list: Listing contexts for virtual host 'localhost'
15-Nov-2022 09:16:20.022 INFO [http-nio-8080-exec-6] org.apache.catalina.core.ApplicationContext.log Manager: deploy: Deploying web application '/webapp-form'
15-Nov-2022 09:16:20.023 INFO [http-nio-8080-exec-6] org.apache.catalina.core.ApplicationContext.log Manager: Uploading WAR file to C:\Users\Usuario\Desktop\jakarta_Experto\apache-tomcat-10.0.27\webapps\webapp-form.war.tmp
15-Nov-2022 09:18:39.936 INFO [http-nio-8080-exec-13] org.apache.catalina.core.ApplicationContext.log Manager: deploy: Deploying web application '/webapp-form'
15-Nov-2022 09:18:39.936 INFO [http-nio-8080-exec-13] org.apache.catalina.core.ApplicationContext.log Manager: Uploading WAR file to C:\Users\Usuario\Desktop\jakarta_Experto\apache-tomcat-10.0.27\webapps\webapp-form.war.tmp
15-Nov-2022 09:31:25.084 INFO [http-nio-8080-exec-21] org.apache.catalina.core.ApplicationContext.log Manager: deploy: Deploying web application '/webapp-form'
15-Nov-2022 09:31:25.084 INFO [http-nio-8080-exec-21] org.apache.catalina.core.ApplicationContext.log Manager: Uploading WAR file to C:\Users\Usuario\Desktop\jakarta_Experto\apache-tomcat-10.0.27\webapps\webapp-form.war.tmp
15-Nov-2022 09:46:52.532 INFO [http-nio-8080-exec-31] org.apache.catalina.core.ApplicationContext.log Manager: deploy: Deploying web application '/webapp-form'
15-Nov-2022 09:46:52.532 INFO [http-nio-8080-exec-31] org.apache.catalina.core.ApplicationContext.log Manager: Uploading WAR file to C:\Users\Usuario\Desktop\jakarta_Experto\apache-tomcat-10.0.27\webapps\webapp-form.war.tmp
15-Nov-2022 10:00:48.745 INFO [http-nio-8080-exec-41] org.apache.catalina.core.ApplicationContext.log Manager: deploy: Deploying web application '/webapp-form'
15-Nov-2022 10:00:48.746 INFO [http-nio-8080-exec-41] org.apache.catalina.core.ApplicationContext.log Manager: Uploading WAR file to C:\Users\Usuario\Desktop\jakarta_Experto\apache-tomcat-10.0.27\webapps\webapp-form.war.tmp
15-Nov-2022 10:02:12.042 INFO [http-nio-8080-exec-51] org.apache.catalina.core.ApplicationContext.log Manager: deploy: Deploying web application '/webapp-form'
15-Nov-2022 10:02:12.042 INFO [http-nio-8080-exec-51] org.apache.catalina.core.ApplicationContext.log Manager: Uploading WAR file to C:\Users\Usuario\Desktop\jakarta_Experto\apache-tomcat-10.0.27\webapps\webapp-form.war.tmp
15-Nov-2022 10:03:27.843 INFO [http-nio-8080-exec-57] org.apache.catalina.core.ApplicationContext.log Manager: deploy: Deploying web application '/webapp-form'
15-Nov-2022 10:03:27.843 INFO [http-nio-8080-exec-57] org.apache.catalina.core.ApplicationContext.log Manager: Uploading WAR file to C:\Users\Usuario\Desktop\jakarta_Experto\apache-tomcat-10.0.27\webapps\webapp-form.war.tmp
15-Nov-2022 10:15:37.836 INFO [http-nio-8080-exec-61] org.apache.catalina.core.ApplicationContext.log Manager: deploy: Deploying web application '/webapp-form'
15-Nov-2022 10:15:37.836 INFO [http-nio-8080-exec-61] org.apache.catalina.core.ApplicationContext.log Manager: Uploading WAR file to C:\Users\Usuario\Desktop\jakarta_Experto\apache-tomcat-10.0.27\webapps\webapp-form.war.tmp
15-Nov-2022 10:50:28.281 INFO [http-nio-8080-exec-71] org.apache.catalina.core.ApplicationContext.log Manager: deploy: Deploying web application '/webapp-form'
15-Nov-2022 10:50:28.282 INFO [http-nio-8080-exec-71] org.apache.catalina.core.ApplicationContext.log Manager: Uploading WAR file to C:\Users\Usuario\Desktop\jakarta_Experto\apache-tomcat-10.0.27\webapps\webapp-form.war.tmp
15-Nov-2022 14:25:18.132 INFO [http-nio-8080-exec-2] org.apache.catalina.core.ApplicationContext.log Manager: init: Associated with Deployer 'Catalina:type=Deployer,host=localhost'
15-Nov-2022 14:25:18.134 INFO [http-nio-8080-exec-2] org.apache.catalina.core.ApplicationContext.log Manager: init: Global resources are available
15-Nov-2022 14:25:18.141 INFO [http-nio-8080-exec-2] org.apache.catalina.core.ApplicationContext.log Manager: deploy: Deploying web application '/webapp-form'
15-Nov-2022 14:25:18.141 INFO [http-nio-8080-exec-2] org.apache.catalina.core.ApplicationContext.log Manager: Uploading WAR file to C:\Users\Usuario\Desktop\jakarta_Experto\apache-tomcat-10.0.27\webapps\webapp-form.war.tmp
15-Nov-2022 14:26:54.932 INFO [http-nio-8080-exec-12] org.apache.catalina.core.ApplicationContext.log Manager: deploy: Deploying web application '/webapp-form'
15-Nov-2022 14:26:54.932 INFO [http-nio-8080-exec-12] org.apache.catalina.core.ApplicationContext.log Manager: Uploading WAR file to C:\Users\Usuario\Desktop\jakarta_Experto\apache-tomcat-10.0.27\webapps\webapp-form.war.tmp
15-Nov-2022 14:27:54.780 INFO [http-nio-8080-exec-13] org.apache.catalina.core.ApplicationContext.log Manager: deploy: Deploying web application '/webapp-form'
15-Nov-2022 14:27:54.781 INFO [http-nio-8080-exec-13] org.apache.catalina.core.ApplicationContext.log Manager: Uploading WAR file to C:\Users\Usuario\Desktop\jakarta_Experto\apache-tomcat-10.0.27\webapps\webapp-form.war.tmp
15-Nov-2022 14:28:29.121 INFO [http-nio-8080-exec-20] org.apache.catalina.core.ApplicationContext.log Manager: deploy: Deploying web application '/webapp-form'
15-Nov-2022 14:28:29.122 INFO [http-nio-8080-exec-20] org.apache.catalina.core.ApplicationContext.log Manager: Uploading WAR file to C:\Users\Usuario\Desktop\jakarta_Experto\apache-tomcat-10.0.27\webapps\webapp-form.war.tmp
15-Nov-2022 14:30:26.719 INFO [http-nio-8080-exec-31] org.apache.catalina.core.ApplicationContext.log Manager: deploy: Deploying web application '/webapp-form'
15-Nov-2022 14:30:26.719 INFO [http-nio-8080-exec-31] org.apache.catalina.core.ApplicationContext.log Manager: Uploading WAR file to C:\Users\Usuario\Desktop\jakarta_Experto\apache-tomcat-10.0.27\webapps\webapp-form.war.tmp
15-Nov-2022 14:31:32.435 INFO [http-nio-8080-exec-40] org.apache.catalina.core.ApplicationContext.log Manager: deploy: Deploying web application '/webapp-form'
15-Nov-2022 14:31:32.436 INFO [http-nio-8080-exec-40] org.apache.catalina.core.ApplicationContext.log Manager: Uploading WAR file to C:\Users\Usuario\Desktop\jakarta_Experto\apache-tomcat-10.0.27\webapps\webapp-form.war.tmp
15-Nov-2022 14:49:05.863 INFO [http-nio-8080-exec-45] org.apache.catalina.core.ApplicationContext.log Manager: deploy: Deploying web application '/webapp-form'
15-Nov-2022 14:49:05.864 INFO [http-nio-8080-exec-45] org.apache.catalina.core.ApplicationContext.log Manager: Uploading WAR file to C:\Users\Usuario\Desktop\jakarta_Experto\apache-tomcat-10.0.27\webapps\webapp-form.war.tmp
15-Nov-2022 14:50:47.198 INFO [http-nio-8080-exec-52] org.apache.catalina.core.ApplicationContext.log Manager: deploy: Deploying web application '/webapp-form'
15-Nov-2022 14:50:47.198 INFO [http-nio-8080-exec-52] org.apache.catalina.core.ApplicationContext.log Manager: Uploading WAR file to C:\Users\Usuario\Desktop\jakarta_Experto\apache-tomcat-10.0.27\webapps\webapp-form.war.tmp
15-Nov-2022 15:15:10.147 INFO [http-nio-8080-exec-60] org.apache.catalina.core.ApplicationContext.log Manager: deploy: Deploying web application '/webapp-form'
15-Nov-2022 15:15:10.148 INFO [http-nio-8080-exec-60] org.apache.catalina.core.ApplicationContext.log Manager: Uploading WAR file to C:\Users\Usuario\Desktop\jakarta_Experto\apache-tomcat-10.0.27\webapps\webapp-form.war.tmp
15-Nov-2022 15:16:16.572 INFO [http-nio-8080-exec-67] org.apache.catalina.core.ApplicationContext.log Manager: deploy: Deploying web application '/webapp-form'
15-Nov-2022 15:16:16.572 INFO [http-nio-8080-exec-67] org.apache.catalina.core.ApplicationContext.log Manager: Uploading WAR file to C:\Users\Usuario\Desktop\jakarta_Experto\apache-tomcat-10.0.27\webapps\webapp-form.war.tmp
15-Nov-2022 15:17:19.864 INFO [http-nio-8080-exec-71] org.apache.catalina.core.ApplicationContext.log Manager: deploy: Deploying web application '/webapp-form'
15-Nov-2022 15:17:19.865 INFO [http-nio-8080-exec-71] org.apache.catalina.core.ApplicationContext.log Manager: Uploading WAR file to C:\Users\Usuario\Desktop\jakarta_Experto\apache-tomcat-10.0.27\webapps\webapp-form.war.tmp
15-Nov-2022 15:39:51.005 INFO [http-nio-8080-exec-76] org.apache.catalina.core.ApplicationContext.log Manager: deploy: Deploying web application '/webapp-form'
15-Nov-2022 15:39:51.005 INFO [http-nio-8080-exec-76] org.apache.catalina.core.ApplicationContext.log Manager: Uploading WAR file to C:\Users\Usuario\Desktop\jakarta_Experto\apache-tomcat-10.0.27\webapps\webapp-form.war.tmp
15-Nov-2022 15:41:58.155 INFO [http-nio-8080-exec-86] org.apache.catalina.core.ApplicationContext.log Manager: deploy: Deploying web application '/webapp-form'
15-Nov-2022 15:41:58.155 INFO [http-nio-8080-exec-86] org.apache.catalina.core.ApplicationContext.log Manager: Uploading WAR file to C:\Users\Usuario\Desktop\jakarta_Experto\apache-tomcat-10.0.27\webapps\webapp-form.war.tmp
15-Nov-2022 15:42:36.463 INFO [http-nio-8080-exec-92] org.apache.catalina.core.ApplicationContext.log Manager: deploy: Deploying web application '/webapp-form'
15-Nov-2022 15:42:36.463 INFO [http-nio-8080-exec-92] org.apache.catalina.core.ApplicationContext.log Manager: Uploading WAR file to C:\Users\Usuario\Desktop\jakarta_Experto\apache-tomcat-10.0.27\webapps\webapp-form.war.tmp
